"C:\Users\u\Desktop\frankenstein\char.vromfs.bin_u\config\attachable.blk"
"C:\Users\u\Desktop\frankenstein\char.vromfs.bin_u\config\attachable.blkx"
     Wrong filetype
"C:\Users\u\Desktop\frankenstein\char.vromfs.bin_u\config\bots.blk"
"C:\Users\u\Desktop\frankenstein\char.vromfs.bin_u\config\clan_rewards.blk"
"C:\Users\u\Desktop\frankenstein\char.vromfs.bin_u\config\crew_skills.blk"
"C:\Users\u\Desktop\frankenstein\char.vromfs.bin_u\config\decals.blk"
"C:\Users\u\Desktop\frankenstein\char.vromfs.bin_u\config\default_user.blk"
"C:\Users\u\Desktop\frankenstein\char.vromfs.bin_u\config\dynamic.blk"
"C:\Users\u\Desktop\frankenstein\char.vromfs.bin_u\config\flightmodels.blk"
     Empty file
"C:\Users\u\Desktop\frankenstein\char.vromfs.bin_u\config\game_settings.blk"
"C:\Users\u\Desktop\frankenstein\char.vromfs.bin_u\config\items.blk"
"C:\Users\u\Desktop\frankenstein\char.vromfs.bin_u\config\mislist.blk"
"C:\Users\u\Desktop\frankenstein\char.vromfs.bin_u\config\modifications.blk"
"C:\Users\u\Desktop\frankenstein\char.vromfs.bin_u\config\network.blk"
"C:\Users\u\Desktop\frankenstein\char.vromfs.bin_u\config\pve_awards.blk"
"C:\Users\u\Desktop\frankenstein\char.vromfs.bin_u\config\rank.blk"
"C:\Users\u\Desktop\frankenstein\char.vromfs.bin_u\config\shop.blk"
"C:\Users\u\Desktop\frankenstein\char.vromfs.bin_u\config\skins.blk"
"C:\Users\u\Desktop\frankenstein\char.vromfs.bin_u\config\unittags.blk"
"C:\Users\u\Desktop\frankenstein\char.vromfs.bin_u\config\unlocks.blk"
"C:\Users\u\Desktop\frankenstein\char.vromfs.bin_u\config\warpoints.blk"
"C:\Users\u\Desktop\frankenstein\char.vromfs.bin_u\config\wpcost.blk"
"---------------------------------------------------------------"
"C:\Users\u\Desktop\frankenstein\char.vromfs.bin_u\config\attachable.blkxx"
CHAR_UNPACKED
"C:\Users\u\Desktop\frankenstein\char.vromfs.bin_u\config\attachable.blk"
"C:\Users\u\Desktop\frankenstein\char.vromfs.bin_u\config\attachable.blkx"
     Wrong filetype
"C:\Users\u\Desktop\frankenstein\char.vromfs.bin_u\config\bots.blk"
"C:\Users\u\Desktop\frankenstein\char.vromfs.bin_u\config\bots.blkx"
     Wrong filetype
"C:\Users\u\Desktop\frankenstein\char.vromfs.bin_u\config\clan_rewards.blk"
"C:\Users\u\Desktop\frankenstein\char.vromfs.bin_u\config\clan_rewards.blkx"
     Wrong filetype
"C:\Users\u\Desktop\frankenstein\char.vromfs.bin_u\config\crew_skills.blk"
"C:\Users\u\Desktop\frankenstein\char.vromfs.bin_u\config\crew_skills.blkx"
     Wrong filetype
"C:\Users\u\Desktop\frankenstein\char.vromfs.bin_u\config\decals.blk"
"C:\Users\u\Desktop\frankenstein\char.vromfs.bin_u\config\decals.blkx"
     Wrong filetype
"C:\Users\u\Desktop\frankenstein\char.vromfs.bin_u\config\default_user.blk"
"C:\Users\u\Desktop\frankenstein\char.vromfs.bin_u\config\default_user.blkx"
     Wrong filetype
"C:\Users\u\Desktop\frankenstein\char.vromfs.bin_u\config\dynamic.blk"
"C:\Users\u\Desktop\frankenstein\char.vromfs.bin_u\config\dynamic.blkx"
     Wrong filetype
"C:\Users\u\Desktop\frankenstein\char.vromfs.bin_u\config\flightmodels.blk"
     Empty file
"C:\Users\u\Desktop\frankenstein\char.vromfs.bin_u\config\game_settings.blk"
"C:\Users\u\Desktop\frankenstein\char.vromfs.bin_u\config\game_settings.blkx"
     Wrong filetype
"C:\Users\u\Desktop\frankenstein\char.vromfs.bin_u\config\items.blk"
"C:\Users\u\Desktop\frankenstein\char.vromfs.bin_u\config\items.blkx"
     Wrong filetype
"C:\Users\u\Desktop\frankenstein\char.vromfs.bin_u\config\mislist.blk"
"C:\Users\u\Desktop\frankenstein\char.vromfs.bin_u\config\mislist.blkx"
     Wrong filetype
"C:\Users\u\Desktop\frankenstein\char.vromfs.bin_u\config\modifications.blk"
"C:\Users\u\Desktop\frankenstein\char.vromfs.bin_u\config\modifications.blkx"
     Wrong filetype
"C:\Users\u\Desktop\frankenstein\char.vromfs.bin_u\config\network.blk"
"C:\Users\u\Desktop\frankenstein\char.vromfs.bin_u\config\network.blkx"
     Wrong filetype
"C:\Users\u\Desktop\frankenstein\char.vromfs.bin_u\config\pve_awards.blk"
"C:\Users\u\Desktop\frankenstein\char.vromfs.bin_u\config\pve_awards.blkx"
     Wrong filetype
"C:\Users\u\Desktop\frankenstein\char.vromfs.bin_u\config\rank.blk"
"C:\Users\u\Desktop\frankenstein\char.vromfs.bin_u\config\rank.blkx"
     Wrong filetype
"C:\Users\u\Desktop\frankenstein\char.vromfs.bin_u\config\shop.blk"
"C:\Users\u\Desktop\frankenstein\char.vromfs.bin_u\config\shop.blkx"
     Wrong filetype
"C:\Users\u\Desktop\frankenstein\char.vromfs.bin_u\config\skins.blk"
"C:\Users\u\Desktop\frankenstein\char.vromfs.bin_u\config\skins.blkx"
     Wrong filetype
"C:\Users\u\Desktop\frankenstein\char.vromfs.bin_u\config\unittags.blk"
"C:\Users\u\Desktop\frankenstein\char.vromfs.bin_u\config\unittags.blkx"
     Wrong filetype
"C:\Users\u\Desktop\frankenstein\char.vromfs.bin_u\config\unlocks.blk"
"C:\Users\u\Desktop\frankenstein\char.vromfs.bin_u\config\unlocks.blkx"
     Wrong filetype
"C:\Users\u\Desktop\frankenstein\char.vromfs.bin_u\config\warpoints.blk"
"C:\Users\u\Desktop\frankenstein\char.vromfs.bin_u\config\warpoints.blkx"
     Wrong filetype
"C:\Users\u\Desktop\frankenstein\char.vromfs.bin_u\config\wpcost.blk"
"C:\Users\u\Desktop\frankenstein\char.vromfs.bin_u\config\wpcost.blkx"
     Wrong filetype
"---------------------------------------------------------------"
"C:\Users\u\Desktop\frankenstein\char.vromfs.bin_u\config\attachable.blkxx"
"C:\Users\u\Desktop\frankenstein\char.vromfs.bin_u\config\bots.blkxx"
"C:\Users\u\Desktop\frankenstein\char.vromfs.bin_u\config\clan_rewards.blkxx"
"C:\Users\u\Desktop\frankenstein\char.vromfs.bin_u\config\crew_skills.blkxx"
"C:\Users\u\Desktop\frankenstein\char.vromfs.bin_u\config\decals.blkxx"
"C:\Users\u\Desktop\frankenstein\char.vromfs.bin_u\config\default_user.blkxx"
"C:\Users\u\Desktop\frankenstein\char.vromfs.bin_u\config\dynamic.blkxx"
"C:\Users\u\Desktop\frankenstein\char.vromfs.bin_u\config\game_settings.blkxx"
"C:\Users\u\Desktop\frankenstein\char.vromfs.bin_u\config\items.blkxx"
"C:\Users\u\Desktop\frankenstein\char.vromfs.bin_u\config\mislist.blkxx"
"C:\Users\u\Desktop\frankenstein\char.vromfs.bin_u\config\modifications.blkxx"
"C:\Users\u\Desktop\frankenstein\char.vromfs.bin_u\config\network.blkxx"
"C:\Users\u\Desktop\frankenstein\char.vromfs.bin_u\config\pve_awards.blkxx"
"C:\Users\u\Desktop\frankenstein\char.vromfs.bin_u\config\rank.blkxx"
"C:\Users\u\Desktop\frankenstein\char.vromfs.bin_u\config\shop.blkxx"
"C:\Users\u\Desktop\frankenstein\char.vromfs.bin_u\config\skins.blkxx"
"C:\Users\u\Desktop\frankenstein\char.vromfs.bin_u\config\unittags.blkxx"
"C:\Users\u\Desktop\frankenstein\char.vromfs.bin_u\config\unlocks.blkxx"
"C:\Users\u\Desktop\frankenstein\char.vromfs.bin_u\config\warpoints.blkxx"
"C:\Users\u\Desktop\frankenstein\char.vromfs.bin_u\config\wpcost.blkxx"
CHAR_UNPACKED
