"C:\Users\u\Desktop\frankenstein\gui.vromfs.bin_u\gui\airtooltip.blk"
"C:\Users\u\Desktop\frankenstein\gui.vromfs.bin_u\gui\airtooltip.blkx"
     Wrong filetype
"C:\Users\u\Desktop\frankenstein\gui.vromfs.bin_u\gui\artillerymap.blk"
"C:\Users\u\Desktop\frankenstein\gui.vromfs.bin_u\gui\backselect.blk"
"C:\Users\u\Desktop\frankenstein\gui.vromfs.bin_u\gui\backselectbacknav.blk"
"C:\Users\u\Desktop\frankenstein\gui.vromfs.bin_u\gui\backselectnav.blk"
"C:\Users\u\Desktop\frankenstein\gui.vromfs.bin_u\gui\backselectnavca.blk"
"C:\Users\u\Desktop\frankenstein\gui.vromfs.bin_u\gui\backselectnavchapter.blk"
"C:\Users\u\Desktop\frankenstein\gui.vromfs.bin_u\gui\benchmark.blk"
"C:\Users\u\Desktop\frankenstein\gui.vromfs.bin_u\gui\briefing.blk"
"C:\Users\u\Desktop\frankenstein\gui.vromfs.bin_u\gui\browser.blk"
"C:\Users\u\Desktop\frankenstein\gui.vromfs.bin_u\gui\chapter.blk"
"C:\Users\u\Desktop\frankenstein\gui.vromfs.bin_u\gui\chaptermodal.blk"
"C:\Users\u\Desktop\frankenstein\gui.vromfs.bin_u\gui\chapter_include.blk"
"C:\Users\u\Desktop\frankenstein\gui.vromfs.bin_u\gui\chapter_include_filter.blk"
"C:\Users\u\Desktop\frankenstein\gui.vromfs.bin_u\gui\commentmodal.blk"
"C:\Users\u\Desktop\frankenstein\gui.vromfs.bin_u\gui\complain.blk"
"C:\Users\u\Desktop\frankenstein\gui.vromfs.bin_u\gui\controls.blk"
"C:\Users\u\Desktop\frankenstein\gui.vromfs.bin_u\gui\controlsconsole.blk"
"C:\Users\u\Desktop\frankenstein\gui.vromfs.bin_u\gui\controlshelp.blk"
"C:\Users\u\Desktop\frankenstein\gui.vromfs.bin_u\gui\controlsinput.blk"
"C:\Users\u\Desktop\frankenstein\gui.vromfs.bin_u\gui\controlswizard.blk"
"C:\Users\u\Desktop\frankenstein\gui.vromfs.bin_u\gui\controltypechoice.blk"
"C:\Users\u\Desktop\frankenstein\gui.vromfs.bin_u\gui\countryexpitem.blk"
"C:\Users\u\Desktop\frankenstein\gui.vromfs.bin_u\gui\credits.blk"
"C:\Users\u\Desktop\frankenstein\gui.vromfs.bin_u\gui\cursor.blk"
"C:\Users\u\Desktop\frankenstein\gui.vromfs.bin_u\gui\customization.blk"
"C:\Users\u\Desktop\frankenstein\gui.vromfs.bin_u\gui\debriefingcamp.blk"
"C:\Users\u\Desktop\frankenstein\gui.vromfs.bin_u\gui\debugframe.blk"
"C:\Users\u\Desktop\frankenstein\gui.vromfs.bin_u\gui\decaltooltip.blk"
"C:\Users\u\Desktop\frankenstein\gui.vromfs.bin_u\gui\demooutro.blk"
"C:\Users\u\Desktop\frankenstein\gui.vromfs.bin_u\gui\dynamicsummary.blk"
"C:\Users\u\Desktop\frankenstein\gui.vromfs.bin_u\gui\dynamicsummarynav.blk"
"C:\Users\u\Desktop\frankenstein\gui.vromfs.bin_u\gui\editboxwindow.blk"
"C:\Users\u\Desktop\frankenstein\gui.vromfs.bin_u\gui\empty.blk"
     Empty file
"C:\Users\u\Desktop\frankenstein\gui.vromfs.bin_u\gui\emptyframe.blk"
"C:\Users\u\Desktop\frankenstein\gui.vromfs.bin_u\gui\emptyscene.blk"
     Wrong filetype
"C:\Users\u\Desktop\frankenstein\gui.vromfs.bin_u\gui\emptyscenewithgamercard.blk"
"C:\Users\u\Desktop\frankenstein\gui.vromfs.bin_u\gui\emptyscreen.blk"
"C:\Users\u\Desktop\frankenstein\gui.vromfs.bin_u\gui\encyclopedia.blk"
"C:\Users\u\Desktop\frankenstein\gui.vromfs.bin_u\gui\eulaframe.blk"
"C:\Users\u\Desktop\frankenstein\gui.vromfs.bin_u\gui\facebookmsgwindow.blk"
"C:\Users\u\Desktop\frankenstein\gui.vromfs.bin_u\gui\flightmenu.blk"
"C:\Users\u\Desktop\frankenstein\gui.vromfs.bin_u\gui\frameheaderrefresh.blk"
"C:\Users\u\Desktop\frankenstein\gui.vromfs.bin_u\gui\gamepad.blk"
"C:\Users\u\Desktop\frankenstein\gui.vromfs.bin_u\gui\gamercardbottompanel.blk"
"C:\Users\u\Desktop\frankenstein\gui.vromfs.bin_u\gui\gamercarddrawer.blk"
"C:\Users\u\Desktop\frankenstein\gui.vromfs.bin_u\gui\gamercardtoppanel.blk"
"C:\Users\u\Desktop\frankenstein\gui.vromfs.bin_u\gui\infoboxwindow.blk"
"C:\Users\u\Desktop\frankenstein\gui.vromfs.bin_u\gui\joystickaxisinput.blk"
"C:\Users\u\Desktop\frankenstein\gui.vromfs.bin_u\gui\joysticksetup.blk"
"C:\Users\u\Desktop\frankenstein\gui.vromfs.bin_u\gui\leaderboard.blk"
"C:\Users\u\Desktop\frankenstein\gui.vromfs.bin_u\gui\loading.blk"
"C:\Users\u\Desktop\frankenstein\gui.vromfs.bin_u\gui\loadingcamp.blk"
"C:\Users\u\Desktop\frankenstein\gui.vromfs.bin_u\gui\loadingnav.blk"
"C:\Users\u\Desktop\frankenstein\gui.vromfs.bin_u\gui\loginbox.blk"
"C:\Users\u\Desktop\frankenstein\gui.vromfs.bin_u\gui\loginboxsimple.blk"
"C:\Users\u\Desktop\frankenstein\gui.vromfs.bin_u\gui\medaltooltip.blk"
"C:\Users\u\Desktop\frankenstein\gui.vromfs.bin_u\gui\missiondescr.blk"
"C:\Users\u\Desktop\frankenstein\gui.vromfs.bin_u\gui\modalscenewithgamercard.blk"
"C:\Users\u\Desktop\frankenstein\gui.vromfs.bin_u\gui\modalscenewithoutgamercard.blk"
"C:\Users\u\Desktop\frankenstein\gui.vromfs.bin_u\gui\mousesetup.blk"
     Empty file
"C:\Users\u\Desktop\frankenstein\gui.vromfs.bin_u\gui\movetoobj.blk"
"C:\Users\u\Desktop\frankenstein\gui.vromfs.bin_u\gui\mpstatistics.blk"
"C:\Users\u\Desktop\frankenstein\gui.vromfs.bin_u\gui\msgbox.blk"
"C:\Users\u\Desktop\frankenstein\gui.vromfs.bin_u\gui\multiplepurchase.blk"
"C:\Users\u\Desktop\frankenstein\gui.vromfs.bin_u\gui\navapply.blk"
"C:\Users\u\Desktop\frankenstein\gui.vromfs.bin_u\gui\navback.blk"
"C:\Users\u\Desktop\frankenstein\gui.vromfs.bin_u\gui\navbackhint.blk"
"C:\Users\u\Desktop\frankenstein\gui.vromfs.bin_u\gui\navbriefing.blk"
"C:\Users\u\Desktop\frankenstein\gui.vromfs.bin_u\gui\navbuilderoptions.blk"
"C:\Users\u\Desktop\frankenstein\gui.vromfs.bin_u\gui\navdebriefing.blk"
"C:\Users\u\Desktop\frankenstein\gui.vromfs.bin_u\gui\navhelphangar.blk"
"C:\Users\u\Desktop\frankenstein\gui.vromfs.bin_u\gui\navmpstat.blk"
"C:\Users\u\Desktop\frankenstein\gui.vromfs.bin_u\gui\navonlineshop.blk"
"C:\Users\u\Desktop\frankenstein\gui.vromfs.bin_u\gui\navreplays.blk"
"C:\Users\u\Desktop\frankenstein\gui.vromfs.bin_u\gui\navrespawn.blk"
"C:\Users\u\Desktop\frankenstein\gui.vromfs.bin_u\gui\navselect.blk"
"C:\Users\u\Desktop\frankenstein\gui.vromfs.bin_u\gui\navsessionslist.blk"
"C:\Users\u\Desktop\frankenstein\gui.vromfs.bin_u\gui\navtestflight.blk"
"C:\Users\u\Desktop\frankenstein\gui.vromfs.bin_u\gui\nextmodificationchoice.blk"
"C:\Users\u\Desktop\frankenstein\gui.vromfs.bin_u\gui\nexttutorial.blk"
"C:\Users\u\Desktop\frankenstein\gui.vromfs.bin_u\gui\optioninfobox.blk"
"C:\Users\u\Desktop\frankenstein\gui.vromfs.bin_u\gui\payment.blk"
"C:\Users\u\Desktop\frankenstein\gui.vromfs.bin_u\gui\paymentitem.blk"
"C:\Users\u\Desktop\frankenstein\gui.vromfs.bin_u\gui\postfxsettings.blk"
"C:\Users\u\Desktop\frankenstein\gui.vromfs.bin_u\gui\profile.blk"
"C:\Users\u\Desktop\frankenstein\gui.vromfs.bin_u\gui\profileinfo.blk"
"C:\Users\u\Desktop\frankenstein\gui.vromfs.bin_u\gui\profilestatsinfo.blk"
"C:\Users\u\Desktop\frankenstein\gui.vromfs.bin_u\gui\quitselect.blk"
"C:\Users\u\Desktop\frankenstein\gui.vromfs.bin_u\gui\rankupwindow.blk"
"C:\Users\u\Desktop\frankenstein\gui.vromfs.bin_u\gui\researchedmodifications.blk"
"C:\Users\u\Desktop\frankenstein\gui.vromfs.bin_u\gui\respawn.blk"
"C:\Users\u\Desktop\frankenstein\gui.vromfs.bin_u\gui\rootscreen.blk"
"C:\Users\u\Desktop\frankenstein\gui.vromfs.bin_u\gui\sessionslist.blk"
"C:\Users\u\Desktop\frankenstein\gui.vromfs.bin_u\gui\showimage.blk"
"C:\Users\u\Desktop\frankenstein\gui.vromfs.bin_u\gui\showunlock.blk"
"C:\Users\u\Desktop\frankenstein\gui.vromfs.bin_u\gui\showunlocktakeairnavbar.blk"
"C:\Users\u\Desktop\frankenstein\gui.vromfs.bin_u\gui\slotinfopanel.blk"
"C:\Users\u\Desktop\frankenstein\gui.vromfs.bin_u\gui\spectator.blk"
"C:\Users\u\Desktop\frankenstein\gui.vromfs.bin_u\gui\startscreen.blk"
"C:\Users\u\Desktop\frankenstein\gui.vromfs.bin_u\gui\startscreentitle.blk"
"C:\Users\u\Desktop\frankenstein\gui.vromfs.bin_u\gui\stubmenuitems.blk"
"C:\Users\u\Desktop\frankenstein\gui.vromfs.bin_u\gui\tacticalmap.blk"
"C:\Users\u\Desktop\frankenstein\gui.vromfs.bin_u\gui\ugmmissions.blk"
"C:\Users\u\Desktop\frankenstein\gui.vromfs.bin_u\gui\usercard.blk"
"C:\Users\u\Desktop\frankenstein\gui.vromfs.bin_u\gui\userlog.blk"
"C:\Users\u\Desktop\frankenstein\gui.vromfs.bin_u\gui\userlogrow.blk"
"C:\Users\u\Desktop\frankenstein\gui.vromfs.bin_u\gui\waitbox.blk"
"C:\Users\u\Desktop\frankenstein\gui.vromfs.bin_u\gui\actionslist\actionslistblock.blk"
"C:\Users\u\Desktop\frankenstein\gui.vromfs.bin_u\gui\actionslist\actionslistblock.blkx"
     Wrong filetype
"C:\Users\u\Desktop\frankenstein\gui.vromfs.bin_u\gui\airinfo\airinfopanel.blk"
"C:\Users\u\Desktop\frankenstein\gui.vromfs.bin_u\gui\airinfo\airinfopanel.blkx"
     Wrong filetype
"C:\Users\u\Desktop\frankenstein\gui.vromfs.bin_u\gui\airinfo\rankversusinfo.blk"
"C:\Users\u\Desktop\frankenstein\gui.vromfs.bin_u\gui\chat\chatthreadslist.blk"
"C:\Users\u\Desktop\frankenstein\gui.vromfs.bin_u\gui\chat\chatthreadslist.blkx"
     Wrong filetype
"C:\Users\u\Desktop\frankenstein\gui.vromfs.bin_u\gui\chat\createchatroom.blk"
"C:\Users\u\Desktop\frankenstein\gui.vromfs.bin_u\gui\chat\customchat.blk"
"C:\Users\u\Desktop\frankenstein\gui.vromfs.bin_u\gui\chat\gamechat.blk"
"C:\Users\u\Desktop\frankenstein\gui.vromfs.bin_u\gui\chat\gamechatrespawn.blk"
"C:\Users\u\Desktop\frankenstein\gui.vromfs.bin_u\gui\chat\gamechatspectator.blk"
"C:\Users\u\Desktop\frankenstein\gui.vromfs.bin_u\gui\chat\inviteswnd.blk"
"C:\Users\u\Desktop\frankenstein\gui.vromfs.bin_u\gui\chat\menuchat.blk"
"C:\Users\u\Desktop\frankenstein\gui.vromfs.bin_u\gui\chat\modifythreadwnd.blk"
"C:\Users\u\Desktop\frankenstein\gui.vromfs.bin_u\gui\chooseimage\chooseimage.blk"
"C:\Users\u\Desktop\frankenstein\gui.vromfs.bin_u\gui\chooseimage\chooseimage.blkx"
     Wrong filetype
"C:\Users\u\Desktop\frankenstein\gui.vromfs.bin_u\gui\clans\clanactivitymodal.blk"
"C:\Users\u\Desktop\frankenstein\gui.vromfs.bin_u\gui\clans\clanactivitypage.blk"
"C:\Users\u\Desktop\frankenstein\gui.vromfs.bin_u\gui\clans\clanactivitymodal.blkx"
     Wrong filetype
"C:\Users\u\Desktop\frankenstein\gui.vromfs.bin_u\gui\clans\clanchangemembershipreqwnd.blk"
"C:\Users\u\Desktop\frankenstein\gui.vromfs.bin_u\gui\clans\clanchangerolewindow.blk"
"C:\Users\u\Desktop\frankenstein\gui.vromfs.bin_u\gui\clans\clanlogmodal.blk"
"C:\Users\u\Desktop\frankenstein\gui.vromfs.bin_u\gui\clans\clanmodifywindow.blk"
"C:\Users\u\Desktop\frankenstein\gui.vromfs.bin_u\gui\clans\clanpage.blk"
"C:\Users\u\Desktop\frankenstein\gui.vromfs.bin_u\gui\clans\clanpagemodal.blk"
"C:\Users\u\Desktop\frankenstein\gui.vromfs.bin_u\gui\clans\clanpagemodalhelp.blk"
"C:\Users\u\Desktop\frankenstein\gui.vromfs.bin_u\gui\clans\clanrequests.blk"
"C:\Users\u\Desktop\frankenstein\gui.vromfs.bin_u\gui\clans\clanseasoninfomodal.blk"
"C:\Users\u\Desktop\frankenstein\gui.vromfs.bin_u\gui\clans\clansmodal.blk"
"C:\Users\u\Desktop\frankenstein\gui.vromfs.bin_u\gui\clans\clansmodalhandlerlisthelp.blk"
"C:\Users\u\Desktop\frankenstein\gui.vromfs.bin_u\gui\contacts\contacts.blk"
"C:\Users\u\Desktop\frankenstein\gui.vromfs.bin_u\gui\controls\gamepadcursorcontrolssplash.blk"
"C:\Users\u\Desktop\frankenstein\gui.vromfs.bin_u\gui\controls\gamepadcursorcontrolssplash.blkx"
     Wrong filetype
"C:\Users\u\Desktop\frankenstein\gui.vromfs.bin_u\gui\convertexp\convertexp.blk"
"C:\Users\u\Desktop\frankenstein\gui.vromfs.bin_u\gui\convertexp\convertexp.blkx"
     Wrong filetype
"C:\Users\u\Desktop\frankenstein\gui.vromfs.bin_u\gui\crew\crew.blk"
"C:\Users\u\Desktop\frankenstein\gui.vromfs.bin_u\gui\debriefing\awardicon.blk"
"C:\Users\u\Desktop\frankenstein\gui.vromfs.bin_u\gui\debriefing\awardicon.blkx"
     Wrong filetype
"C:\Users\u\Desktop\frankenstein\gui.vromfs.bin_u\gui\debriefing\debriefing.blk"
"C:\Users\u\Desktop\frankenstein\gui.vromfs.bin_u\gui\debriefing\debriefingnavbar.blk"
"C:\Users\u\Desktop\frankenstein\gui.vromfs.bin_u\gui\debriefing\statrow.blk"
"C:\Users\u\Desktop\frankenstein\gui.vromfs.bin_u\gui\debriefing\tabawardslist.blk"
"C:\Users\u\Desktop\frankenstein\gui.vromfs.bin_u\gui\debriefing\tabbattlelog.blk"
"C:\Users\u\Desktop\frankenstein\gui.vromfs.bin_u\gui\debriefing\tabchathistory.blk"
"C:\Users\u\Desktop\frankenstein\gui.vromfs.bin_u\gui\debriefing\tabmptable.blk"
"C:\Users\u\Desktop\frankenstein\gui.vromfs.bin_u\gui\debriefing\tabmystats.blk"
"C:\Users\u\Desktop\frankenstein\gui.vromfs.bin_u\gui\debriefing\tabwwcasualties.blk"
"C:\Users\u\Desktop\frankenstein\gui.vromfs.bin_u\gui\events\airruleitem.blk"
"C:\Users\u\Desktop\frankenstein\gui.vromfs.bin_u\gui\events\airruleitem.blkx"
     Wrong filetype
"C:\Users\u\Desktop\frankenstein\gui.vromfs.bin_u\gui\events\eventqueue.blk"
"C:\Users\u\Desktop\frankenstein\gui.vromfs.bin_u\gui\events\eventqueuebycountries.blk"
"C:\Users\u\Desktop\frankenstein\gui.vromfs.bin_u\gui\events\eventsmodal.blk"
"C:\Users\u\Desktop\frankenstein\gui.vromfs.bin_u\gui\events\queuebox.blk"
"C:\Users\u\Desktop\frankenstein\gui.vromfs.bin_u\gui\filedialog\filedialog.blk"
"C:\Users\u\Desktop\frankenstein\gui.vromfs.bin_u\gui\filedialog\filedialog.blkx"
     Wrong filetype
"C:\Users\u\Desktop\frankenstein\gui.vromfs.bin_u\gui\firstchoice\countrychoice.blk"
"C:\Users\u\Desktop\frankenstein\gui.vromfs.bin_u\gui\firstchoice\countrychoice.blkx"
     Wrong filetype
"C:\Users\u\Desktop\frankenstein\gui.vromfs.bin_u\gui\help\controllerdualshock.blk"
"C:\Users\u\Desktop\frankenstein\gui.vromfs.bin_u\gui\help\controllerkeyboard.blk"
"C:\Users\u\Desktop\frankenstein\gui.vromfs.bin_u\gui\help\controllerxbox.blk"
"C:\Users\u\Desktop\frankenstein\gui.vromfs.bin_u\gui\help\controlsaircraft.blk"
"C:\Users\u\Desktop\frankenstein\gui.vromfs.bin_u\gui\help\controlshelicopter.blk"
"C:\Users\u\Desktop\frankenstein\gui.vromfs.bin_u\gui\help\controlsship.blk"
"C:\Users\u\Desktop\frankenstein\gui.vromfs.bin_u\gui\help\controlstank.blk"
"C:\Users\u\Desktop\frankenstein\gui.vromfs.bin_u\gui\help\helpwnd.blk"
"C:\Users\u\Desktop\frankenstein\gui.vromfs.bin_u\gui\help\internalhelp.blk"
"C:\Users\u\Desktop\frankenstein\gui.vromfs.bin_u\gui\help\missionairdomination.blk"
"C:\Users\u\Desktop\frankenstein\gui.vromfs.bin_u\gui\help\missionairfieldcapture.blk"
"C:\Users\u\Desktop\frankenstein\gui.vromfs.bin_u\gui\help\missiongroundcapture.blk"
"C:\Users\u\Desktop\frankenstein\gui.vromfs.bin_u\gui\help\missiongroundstrike.blk"
"C:\Users\u\Desktop\frankenstein\gui.vromfs.bin_u\gui\help\missiongroundstrikecomplete.blk"
"C:\Users\u\Desktop\frankenstein\gui.vromfs.bin_u\gui\hud\hud.blk"
"C:\Users\u\Desktop\frankenstein\gui.vromfs.bin_u\gui\hud\hudair.blk"
"C:\Users\u\Desktop\frankenstein\gui.vromfs.bin_u\gui\hud\hudbase.blk"
"C:\Users\u\Desktop\frankenstein\gui.vromfs.bin_u\gui\hud\hudcutscene.blk"
"C:\Users\u\Desktop\frankenstein\gui.vromfs.bin_u\gui\hud\hudenemydebuffsship.blk"
"C:\Users\u\Desktop\frankenstein\gui.vromfs.bin_u\gui\hud\hudenemydebuffstank.blk"
"C:\Users\u\Desktop\frankenstein\gui.vromfs.bin_u\gui\hud\hudhelicopter.blk"
"C:\Users\u\Desktop\frankenstein\gui.vromfs.bin_u\gui\hud\hudship.blk"
"C:\Users\u\Desktop\frankenstein\gui.vromfs.bin_u\gui\hud\hudtank.blk"
"C:\Users\u\Desktop\frankenstein\gui.vromfs.bin_u\gui\hud\hudtouchair.blk"
"C:\Users\u\Desktop\frankenstein\gui.vromfs.bin_u\gui\hud\hudtouchbase.blk"
"C:\Users\u\Desktop\frankenstein\gui.vromfs.bin_u\gui\hud\hudtouchtank.blk"
"C:\Users\u\Desktop\frankenstein\gui.vromfs.bin_u\gui\hud\hud.blkx"
     Wrong filetype
"C:\Users\u\Desktop\frankenstein\gui.vromfs.bin_u\gui\hud\streaks.blk"
"C:\Users\u\Desktop\frankenstein\gui.vromfs.bin_u\gui\items\everydayloginaward.blk"
"C:\Users\u\Desktop\frankenstein\gui.vromfs.bin_u\gui\items\everydayloginaward.blkx"
     Wrong filetype
"C:\Users\u\Desktop\frankenstein\gui.vromfs.bin_u\gui\items\itemdesc.blk"
"C:\Users\u\Desktop\frankenstein\gui.vromfs.bin_u\gui\items\itemsshop.blk"
"C:\Users\u\Desktop\frankenstein\gui.vromfs.bin_u\gui\items\itemtooltip.blk"
"C:\Users\u\Desktop\frankenstein\gui.vromfs.bin_u\gui\items\trophyreward.blk"
"C:\Users\u\Desktop\frankenstein\gui.vromfs.bin_u\gui\items\trophyrewardslist.blk"
"C:\Users\u\Desktop\frankenstein\gui.vromfs.bin_u\gui\loading\loadinghangar.blk"
"C:\Users\u\Desktop\frankenstein\gui.vromfs.bin_u\gui\loading\loadinghangar.blkx"
     Wrong filetype
"C:\Users\u\Desktop\frankenstein\gui.vromfs.bin_u\gui\login\updatermodal.blk"
"C:\Users\u\Desktop\frankenstein\gui.vromfs.bin_u\gui\login\updatermodal.blkx"
     Wrong filetype
"C:\Users\u\Desktop\frankenstein\gui.vromfs.bin_u\gui\login\waitforloginwnd.blk"
"C:\Users\u\Desktop\frankenstein\gui.vromfs.bin_u\gui\mainmenu\instantaction.blk"
"C:\Users\u\Desktop\frankenstein\gui.vromfs.bin_u\gui\mainmenu\instantactionhelp.blk"
"C:\Users\u\Desktop\frankenstein\gui.vromfs.bin_u\gui\mainmenu\instantaction.blkx"
     Wrong filetype
"C:\Users\u\Desktop\frankenstein\gui.vromfs.bin_u\gui\mainmenu\topmenu.blk"
"C:\Users\u\Desktop\frankenstein\gui.vromfs.bin_u\gui\mainmenu\topmenuscene.blk"
"C:\Users\u\Desktop\frankenstein\gui.vromfs.bin_u\gui\missions\choosemissionslistwnd.blk"
"C:\Users\u\Desktop\frankenstein\gui.vromfs.bin_u\gui\missions\choosemissionslistwnd.blkx"
     Wrong filetype
"C:\Users\u\Desktop\frankenstein\gui.vromfs.bin_u\gui\missions\misobjective.blk"
"C:\Users\u\Desktop\frankenstein\gui.vromfs.bin_u\gui\missions\misobjectiveright.blk"
"C:\Users\u\Desktop\frankenstein\gui.vromfs.bin_u\gui\missions\modifyurlmission.blk"
"C:\Users\u\Desktop\frankenstein\gui.vromfs.bin_u\gui\mplobby\mplobby.blk"
"C:\Users\u\Desktop\frankenstein\gui.vromfs.bin_u\gui\options\framedoptionswnd.blk"
"C:\Users\u\Desktop\frankenstein\gui.vromfs.bin_u\gui\options\framedoptionswnd.blkx"
     Wrong filetype
"C:\Users\u\Desktop\frankenstein\gui.vromfs.bin_u\gui\options\genericoptions.blk"
"C:\Users\u\Desktop\frankenstein\gui.vromfs.bin_u\gui\options\genericoptionsmap.blk"
"C:\Users\u\Desktop\frankenstein\gui.vromfs.bin_u\gui\options\genericoptionsmodal.blk"
"C:\Users\u\Desktop\frankenstein\gui.vromfs.bin_u\gui\options\internetradiooptions.blk"
"C:\Users\u\Desktop\frankenstein\gui.vromfs.bin_u\gui\options\navoptions.blk"
"C:\Users\u\Desktop\frankenstein\gui.vromfs.bin_u\gui\options\navoptionsback.blk"
"C:\Users\u\Desktop\frankenstein\gui.vromfs.bin_u\gui\options\navoptionsingame.blk"
"C:\Users\u\Desktop\frankenstein\gui.vromfs.bin_u\gui\options\socialoptions.blk"
"C:\Users\u\Desktop\frankenstein\gui.vromfs.bin_u\gui\options\systemoptions.blk"
"C:\Users\u\Desktop\frankenstein\gui.vromfs.bin_u\gui\options\voicechatoptions.blk"
"C:\Users\u\Desktop\frankenstein\gui.vromfs.bin_u\gui\popup\addradio.blk"
"C:\Users\u\Desktop\frankenstein\gui.vromfs.bin_u\gui\popup\popup.blk"
"C:\Users\u\Desktop\frankenstein\gui.vromfs.bin_u\gui\popup\popupbutton.blk"
"C:\Users\u\Desktop\frankenstein\gui.vromfs.bin_u\gui\profile\unlockitem.blk"
"C:\Users\u\Desktop\frankenstein\gui.vromfs.bin_u\gui\profile\unlockitemsimplified.blk"
"C:\Users\u\Desktop\frankenstein\gui.vromfs.bin_u\gui\profile\unlockitem.blkx"
     Wrong filetype
"C:\Users\u\Desktop\frankenstein\gui.vromfs.bin_u\gui\queue\queueinfotooltip.blk"
"C:\Users\u\Desktop\frankenstein\gui.vromfs.bin_u\gui\queue\queueinfotooltip.blkx"
     Wrong filetype
"C:\Users\u\Desktop\frankenstein\gui.vromfs.bin_u\gui\queue\queuetable.blk"
"C:\Users\u\Desktop\frankenstein\gui.vromfs.bin_u\gui\queue\queuewaitingtimeblock.blk"
"C:\Users\u\Desktop\frankenstein\gui.vromfs.bin_u\gui\shop\shop.blk"
"C:\Users\u\Desktop\frankenstein\gui.vromfs.bin_u\gui\shop\shopcheckresearch.blk"
"C:\Users\u\Desktop\frankenstein\gui.vromfs.bin_u\gui\shop\shopgroup.blk"
"C:\Users\u\Desktop\frankenstein\gui.vromfs.bin_u\gui\shop\shopinclude.blk"
"C:\Users\u\Desktop\frankenstein\gui.vromfs.bin_u\gui\shop\shopnav.blk"
"C:\Users\u\Desktop\frankenstein\gui.vromfs.bin_u\gui\shop\shoptakeaircraft.blk"
"C:\Users\u\Desktop\frankenstein\gui.vromfs.bin_u\gui\shop\shop.blkx"
     Wrong filetype
"C:\Users\u\Desktop\frankenstein\gui.vromfs.bin_u\gui\slotbar\slotbar.blk"
"C:\Users\u\Desktop\frankenstein\gui.vromfs.bin_u\gui\slotbar\slotbarchooseaircraft.blk"
"C:\Users\u\Desktop\frankenstein\gui.vromfs.bin_u\gui\slotbar\slotbarchoosepreset.blk"
"C:\Users\u\Desktop\frankenstein\gui.vromfs.bin_u\gui\slotbar\slotbaritem.blk"
"C:\Users\u\Desktop\frankenstein\gui.vromfs.bin_u\gui\slotbar\slotbar.blkx"
     Wrong filetype
"C:\Users\u\Desktop\frankenstein\gui.vromfs.bin_u\gui\squads\squadinvites.blk"
"C:\Users\u\Desktop\frankenstein\gui.vromfs.bin_u\gui\squads\squadinvites.blkx"
     Wrong filetype
"C:\Users\u\Desktop\frankenstein\gui.vromfs.bin_u\gui\statistics\stattableinclude.blk"
"C:\Users\u\Desktop\frankenstein\gui.vromfs.bin_u\gui\statistics\stattableinclude.blkx"
     Wrong filetype
"C:\Users\u\Desktop\frankenstein\gui.vromfs.bin_u\gui\tutorials\tutorwnd.blk"
"C:\Users\u\Desktop\frankenstein\gui.vromfs.bin_u\gui\unlocks\favoriteunlockslist.blk"
"C:\Users\u\Desktop\frankenstein\gui.vromfs.bin_u\gui\unlocks\favoriteunlockslist.blkx"
     Wrong filetype
"C:\Users\u\Desktop\frankenstein\gui.vromfs.bin_u\gui\unlocks\unlockblock.blk"
"C:\Users\u\Desktop\frankenstein\gui.vromfs.bin_u\gui\weaponry\nextunititem.blk"
"C:\Users\u\Desktop\frankenstein\gui.vromfs.bin_u\gui\weaponry\nextunititem.blkx"
     Wrong filetype
"C:\Users\u\Desktop\frankenstein\gui.vromfs.bin_u\gui\weaponry\skipablemsgbox.blk"
"C:\Users\u\Desktop\frankenstein\gui.vromfs.bin_u\gui\weaponry\weaponbundletop.blk"
"C:\Users\u\Desktop\frankenstein\gui.vromfs.bin_u\gui\weaponry\weapons.blk"
"C:\Users\u\Desktop\frankenstein\gui.vromfs.bin_u\gui\wheelmenu\wheelmenu.blk"
"C:\Users\u\Desktop\frankenstein\gui.vromfs.bin_u\gui\wheelmenu\wheelmenu.blkx"
     Wrong filetype
"C:\Users\u\Desktop\frankenstein\gui.vromfs.bin_u\gui\wndlib\infownd.blk"
"C:\Users\u\Desktop\frankenstein\gui.vromfs.bin_u\gui\worldwar\worldwarmap.blk"
"C:\Users\u\Desktop\frankenstein\gui.vromfs.bin_u\gui\worldwar\worldwarmapgcbottom.blk"
"C:\Users\u\Desktop\frankenstein\gui.vromfs.bin_u\gui\worldwar\worldwaroperationloginfo.blk"
"C:\Users\u\Desktop\frankenstein\gui.vromfs.bin_u\gui\worldwar\worldwarmap.blkx"
     Wrong filetype
"C:\Users\u\Desktop\frankenstein\gui.vromfs.bin_u\gui\worldwar\wwoperationdescription.blk"
"C:\Users\u\Desktop\frankenstein\gui.vromfs.bin_u\gui\worldwar\wwoperationslistmodal.blk"
"C:\Users\u\Desktop\frankenstein\gui.vromfs.bin_u\gui\worldwar\wwoperationsmaps.blk"
"C:\Users\u\Desktop\frankenstein\gui.vromfs.bin_u\reactivegui\darg_config.blk"
"C:\Users\u\Desktop\frankenstein\gui.vromfs.bin_u\reactivegui\darg_config.blkx"
     Wrong filetype
"---------------------------------------------------------------"
"C:\Users\u\Desktop\frankenstein\gui.vromfs.bin_u\gui\airtooltip.blkxx"
"C:\Users\u\Desktop\frankenstein\gui.vromfs.bin_u\gui\actionslist\actionslistblock.blkxx"
"C:\Users\u\Desktop\frankenstein\gui.vromfs.bin_u\gui\airinfo\airinfopanel.blkxx"
"C:\Users\u\Desktop\frankenstein\gui.vromfs.bin_u\gui\chat\chatthreadslist.blkxx"
"C:\Users\u\Desktop\frankenstein\gui.vromfs.bin_u\gui\chooseimage\chooseimage.blkxx"
"C:\Users\u\Desktop\frankenstein\gui.vromfs.bin_u\gui\clans\clanactivitymodal.blkxx"
"C:\Users\u\Desktop\frankenstein\gui.vromfs.bin_u\gui\controls\gamepadcursorcontrolssplash.blkxx"
"C:\Users\u\Desktop\frankenstein\gui.vromfs.bin_u\gui\convertexp\convertexp.blkxx"
"C:\Users\u\Desktop\frankenstein\gui.vromfs.bin_u\gui\debriefing\awardicon.blkxx"
"C:\Users\u\Desktop\frankenstein\gui.vromfs.bin_u\gui\events\airruleitem.blkxx"
"C:\Users\u\Desktop\frankenstein\gui.vromfs.bin_u\gui\filedialog\filedialog.blkxx"
"C:\Users\u\Desktop\frankenstein\gui.vromfs.bin_u\gui\firstchoice\countrychoice.blkxx"
"C:\Users\u\Desktop\frankenstein\gui.vromfs.bin_u\gui\hud\hud.blkxx"
"C:\Users\u\Desktop\frankenstein\gui.vromfs.bin_u\gui\items\everydayloginaward.blkxx"
"C:\Users\u\Desktop\frankenstein\gui.vromfs.bin_u\gui\loading\loadinghangar.blkxx"
"C:\Users\u\Desktop\frankenstein\gui.vromfs.bin_u\gui\login\updatermodal.blkxx"
"C:\Users\u\Desktop\frankenstein\gui.vromfs.bin_u\gui\mainmenu\instantaction.blkxx"
"C:\Users\u\Desktop\frankenstein\gui.vromfs.bin_u\gui\missions\choosemissionslistwnd.blkxx"
"C:\Users\u\Desktop\frankenstein\gui.vromfs.bin_u\gui\options\framedoptionswnd.blkxx"
"C:\Users\u\Desktop\frankenstein\gui.vromfs.bin_u\gui\profile\unlockitem.blkxx"
"C:\Users\u\Desktop\frankenstein\gui.vromfs.bin_u\gui\queue\queueinfotooltip.blkxx"
"C:\Users\u\Desktop\frankenstein\gui.vromfs.bin_u\gui\shop\shop.blkxx"
"C:\Users\u\Desktop\frankenstein\gui.vromfs.bin_u\gui\slotbar\slotbar.blkxx"
"C:\Users\u\Desktop\frankenstein\gui.vromfs.bin_u\gui\squads\squadinvites.blkxx"
"C:\Users\u\Desktop\frankenstein\gui.vromfs.bin_u\gui\statistics\stattableinclude.blkxx"
"C:\Users\u\Desktop\frankenstein\gui.vromfs.bin_u\gui\unlocks\favoriteunlockslist.blkxx"
"C:\Users\u\Desktop\frankenstein\gui.vromfs.bin_u\gui\weaponry\nextunititem.blkxx"
"C:\Users\u\Desktop\frankenstein\gui.vromfs.bin_u\gui\wheelmenu\wheelmenu.blkxx"
"C:\Users\u\Desktop\frankenstein\gui.vromfs.bin_u\gui\worldwar\worldwarmap.blkxx"
"C:\Users\u\Desktop\frankenstein\gui.vromfs.bin_u\reactivegui\darg_config.blkxx"
GUI_UNPACKED
"C:\Users\u\Desktop\frankenstein\gui.vromfs.bin_u\gui\airtooltip.blk"
"C:\Users\u\Desktop\frankenstein\gui.vromfs.bin_u\gui\airtooltip.blkx"
     Wrong filetype
"C:\Users\u\Desktop\frankenstein\gui.vromfs.bin_u\gui\artillerymap.blk"
"C:\Users\u\Desktop\frankenstein\gui.vromfs.bin_u\gui\artillerymap.blkx"
     Wrong filetype
"C:\Users\u\Desktop\frankenstein\gui.vromfs.bin_u\gui\backselect.blkx"
     Wrong filetype
"C:\Users\u\Desktop\frankenstein\gui.vromfs.bin_u\gui\backselect.blk"
"C:\Users\u\Desktop\frankenstein\gui.vromfs.bin_u\gui\backselectbacknav.blk"
"C:\Users\u\Desktop\frankenstein\gui.vromfs.bin_u\gui\backselectnav.blk"
"C:\Users\u\Desktop\frankenstein\gui.vromfs.bin_u\gui\backselectnavca.blk"
"C:\Users\u\Desktop\frankenstein\gui.vromfs.bin_u\gui\backselectnavchapter.blk"
"C:\Users\u\Desktop\frankenstein\gui.vromfs.bin_u\gui\backselectbacknav.blkx"
     Wrong filetype
"C:\Users\u\Desktop\frankenstein\gui.vromfs.bin_u\gui\backselectnav.blkx"
     Wrong filetype
"C:\Users\u\Desktop\frankenstein\gui.vromfs.bin_u\gui\backselectnavca.blkx"
     Wrong filetype
"C:\Users\u\Desktop\frankenstein\gui.vromfs.bin_u\gui\backselectnavchapter.blkx"
     Wrong filetype
"C:\Users\u\Desktop\frankenstein\gui.vromfs.bin_u\gui\benchmark.blk"
"C:\Users\u\Desktop\frankenstein\gui.vromfs.bin_u\gui\benchmark.blkx"
     Wrong filetype
"C:\Users\u\Desktop\frankenstein\gui.vromfs.bin_u\gui\briefing.blk"
"C:\Users\u\Desktop\frankenstein\gui.vromfs.bin_u\gui\briefing.blkx"
     Wrong filetype
"C:\Users\u\Desktop\frankenstein\gui.vromfs.bin_u\gui\browser.blk"
"C:\Users\u\Desktop\frankenstein\gui.vromfs.bin_u\gui\browser.blkx"
     Wrong filetype
"C:\Users\u\Desktop\frankenstein\gui.vromfs.bin_u\gui\chapter.blk"
"C:\Users\u\Desktop\frankenstein\gui.vromfs.bin_u\gui\chaptermodal.blk"
"C:\Users\u\Desktop\frankenstein\gui.vromfs.bin_u\gui\chapter_include.blk"
"C:\Users\u\Desktop\frankenstein\gui.vromfs.bin_u\gui\chapter_include_filter.blk"
"C:\Users\u\Desktop\frankenstein\gui.vromfs.bin_u\gui\chapter_include_filter.blkx"
     Wrong filetype
"C:\Users\u\Desktop\frankenstein\gui.vromfs.bin_u\gui\chapter_include.blkx"
     Wrong filetype
"C:\Users\u\Desktop\frankenstein\gui.vromfs.bin_u\gui\chapter.blkx"
     Wrong filetype
"C:\Users\u\Desktop\frankenstein\gui.vromfs.bin_u\gui\chaptermodal.blkx"
     Wrong filetype
"C:\Users\u\Desktop\frankenstein\gui.vromfs.bin_u\gui\controls.blkx"
     Wrong filetype
"C:\Users\u\Desktop\frankenstein\gui.vromfs.bin_u\gui\controlsconsole.blkx"
     Wrong filetype
"C:\Users\u\Desktop\frankenstein\gui.vromfs.bin_u\gui\commentmodal.blk"
"C:\Users\u\Desktop\frankenstein\gui.vromfs.bin_u\gui\commentmodal.blkx"
     Wrong filetype
"C:\Users\u\Desktop\frankenstein\gui.vromfs.bin_u\gui\complain.blk"
"C:\Users\u\Desktop\frankenstein\gui.vromfs.bin_u\gui\complain.blkx"
     Wrong filetype
"C:\Users\u\Desktop\frankenstein\gui.vromfs.bin_u\gui\controls.blk"
"C:\Users\u\Desktop\frankenstein\gui.vromfs.bin_u\gui\controlsconsole.blk"
"C:\Users\u\Desktop\frankenstein\gui.vromfs.bin_u\gui\controlshelp.blk"
"C:\Users\u\Desktop\frankenstein\gui.vromfs.bin_u\gui\controlsinput.blk"
"C:\Users\u\Desktop\frankenstein\gui.vromfs.bin_u\gui\controlswizard.blk"
"C:\Users\u\Desktop\frankenstein\gui.vromfs.bin_u\gui\controltypechoice.blk"
"C:\Users\u\Desktop\frankenstein\gui.vromfs.bin_u\gui\controlshelp.blkx"
     Wrong filetype
"C:\Users\u\Desktop\frankenstein\gui.vromfs.bin_u\gui\controlsinput.blkx"
     Wrong filetype
"C:\Users\u\Desktop\frankenstein\gui.vromfs.bin_u\gui\controlswizard.blkx"
     Wrong filetype
"C:\Users\u\Desktop\frankenstein\gui.vromfs.bin_u\gui\controltypechoice.blkx"
     Wrong filetype
"C:\Users\u\Desktop\frankenstein\gui.vromfs.bin_u\gui\countryexpitem.blk"
"C:\Users\u\Desktop\frankenstein\gui.vromfs.bin_u\gui\countryexpitem.blkx"
     Wrong filetype
"C:\Users\u\Desktop\frankenstein\gui.vromfs.bin_u\gui\credits.blk"
"C:\Users\u\Desktop\frankenstein\gui.vromfs.bin_u\gui\credits.blkx"
     Wrong filetype
"C:\Users\u\Desktop\frankenstein\gui.vromfs.bin_u\gui\cursor.blk"
"C:\Users\u\Desktop\frankenstein\gui.vromfs.bin_u\gui\cursor.blkx"
     Wrong filetype
"C:\Users\u\Desktop\frankenstein\gui.vromfs.bin_u\gui\customization.blk"
"C:\Users\u\Desktop\frankenstein\gui.vromfs.bin_u\gui\customization.blkx"
     Wrong filetype
"C:\Users\u\Desktop\frankenstein\gui.vromfs.bin_u\gui\debriefingcamp.blk"
"C:\Users\u\Desktop\frankenstein\gui.vromfs.bin_u\gui\debriefingcamp.blkx"
     Wrong filetype
"C:\Users\u\Desktop\frankenstein\gui.vromfs.bin_u\gui\debugframe.blk"
"C:\Users\u\Desktop\frankenstein\gui.vromfs.bin_u\gui\debugframe.blkx"
     Wrong filetype
"C:\Users\u\Desktop\frankenstein\gui.vromfs.bin_u\gui\decaltooltip.blk"
"C:\Users\u\Desktop\frankenstein\gui.vromfs.bin_u\gui\decaltooltip.blkx"
     Wrong filetype
"C:\Users\u\Desktop\frankenstein\gui.vromfs.bin_u\gui\demooutro.blk"
"C:\Users\u\Desktop\frankenstein\gui.vromfs.bin_u\gui\demooutro.blkx"
     Wrong filetype
"C:\Users\u\Desktop\frankenstein\gui.vromfs.bin_u\gui\dynamicsummary.blk"
"C:\Users\u\Desktop\frankenstein\gui.vromfs.bin_u\gui\dynamicsummarynav.blk"
"C:\Users\u\Desktop\frankenstein\gui.vromfs.bin_u\gui\dynamicsummarynav.blkx"
     Wrong filetype
"C:\Users\u\Desktop\frankenstein\gui.vromfs.bin_u\gui\dynamicsummary.blkx"
     Wrong filetype
"C:\Users\u\Desktop\frankenstein\gui.vromfs.bin_u\gui\editboxwindow.blk"
"C:\Users\u\Desktop\frankenstein\gui.vromfs.bin_u\gui\editboxwindow.blkx"
     Wrong filetype
"C:\Users\u\Desktop\frankenstein\gui.vromfs.bin_u\gui\empty.blk"
     Empty file
"C:\Users\u\Desktop\frankenstein\gui.vromfs.bin_u\gui\emptyframe.blk"
"C:\Users\u\Desktop\frankenstein\gui.vromfs.bin_u\gui\emptyframe.blkx"
     Wrong filetype
"C:\Users\u\Desktop\frankenstein\gui.vromfs.bin_u\gui\emptyscene.blk"
     Wrong filetype
"C:\Users\u\Desktop\frankenstein\gui.vromfs.bin_u\gui\emptyscenewithgamercard.blk"
"C:\Users\u\Desktop\frankenstein\gui.vromfs.bin_u\gui\emptyscreen.blk"
"C:\Users\u\Desktop\frankenstein\gui.vromfs.bin_u\gui\emptyscenewithgamercard.blkx"
     Wrong filetype
"C:\Users\u\Desktop\frankenstein\gui.vromfs.bin_u\gui\emptyscreen.blkx"
     Wrong filetype
"C:\Users\u\Desktop\frankenstein\gui.vromfs.bin_u\gui\emptyscene.blkx"
     Empty file
"C:\Users\u\Desktop\frankenstein\gui.vromfs.bin_u\gui\encyclopedia.blk"
"C:\Users\u\Desktop\frankenstein\gui.vromfs.bin_u\gui\encyclopedia.blkx"
     Wrong filetype
"C:\Users\u\Desktop\frankenstein\gui.vromfs.bin_u\gui\eulaframe.blk"
"C:\Users\u\Desktop\frankenstein\gui.vromfs.bin_u\gui\eulaframe.blkx"
     Wrong filetype
"C:\Users\u\Desktop\frankenstein\gui.vromfs.bin_u\gui\facebookmsgwindow.blk"
"C:\Users\u\Desktop\frankenstein\gui.vromfs.bin_u\gui\facebookmsgwindow.blkx"
     Wrong filetype
"C:\Users\u\Desktop\frankenstein\gui.vromfs.bin_u\gui\flightmenu.blk"
"C:\Users\u\Desktop\frankenstein\gui.vromfs.bin_u\gui\flightmenu.blkx"
     Wrong filetype
"C:\Users\u\Desktop\frankenstein\gui.vromfs.bin_u\gui\frameheaderrefresh.blk"
"C:\Users\u\Desktop\frankenstein\gui.vromfs.bin_u\gui\frameheaderrefresh.blkx"
     Wrong filetype
"C:\Users\u\Desktop\frankenstein\gui.vromfs.bin_u\gui\gamepad.blk"
"C:\Users\u\Desktop\frankenstein\gui.vromfs.bin_u\gui\gamepad.blkx"
     Wrong filetype
"C:\Users\u\Desktop\frankenstein\gui.vromfs.bin_u\gui\gamercardbottompanel.blk"
"C:\Users\u\Desktop\frankenstein\gui.vromfs.bin_u\gui\gamercarddrawer.blk"
"C:\Users\u\Desktop\frankenstein\gui.vromfs.bin_u\gui\gamercardtoppanel.blk"
"C:\Users\u\Desktop\frankenstein\gui.vromfs.bin_u\gui\gamercarddrawer.blkx"
     Wrong filetype
"C:\Users\u\Desktop\frankenstein\gui.vromfs.bin_u\gui\gamercardtoppanel.blkx"
     Wrong filetype
"C:\Users\u\Desktop\frankenstein\gui.vromfs.bin_u\gui\gamercardbottompanel.blkx"
     Wrong filetype
"C:\Users\u\Desktop\frankenstein\gui.vromfs.bin_u\gui\infoboxwindow.blk"
"C:\Users\u\Desktop\frankenstein\gui.vromfs.bin_u\gui\infoboxwindow.blkx"
     Wrong filetype
"C:\Users\u\Desktop\frankenstein\gui.vromfs.bin_u\gui\joystickaxisinput.blk"
"C:\Users\u\Desktop\frankenstein\gui.vromfs.bin_u\gui\joysticksetup.blk"
"C:\Users\u\Desktop\frankenstein\gui.vromfs.bin_u\gui\joysticksetup.blkx"
     Wrong filetype
"C:\Users\u\Desktop\frankenstein\gui.vromfs.bin_u\gui\joystickaxisinput.blkx"
     Wrong filetype
"C:\Users\u\Desktop\frankenstein\gui.vromfs.bin_u\gui\leaderboard.blk"
"C:\Users\u\Desktop\frankenstein\gui.vromfs.bin_u\gui\leaderboard.blkx"
     Wrong filetype
"C:\Users\u\Desktop\frankenstein\gui.vromfs.bin_u\gui\loading.blk"
"C:\Users\u\Desktop\frankenstein\gui.vromfs.bin_u\gui\loadingcamp.blk"
"C:\Users\u\Desktop\frankenstein\gui.vromfs.bin_u\gui\loadingnav.blk"
"C:\Users\u\Desktop\frankenstein\gui.vromfs.bin_u\gui\loadingnav.blkx"
     Wrong filetype
"C:\Users\u\Desktop\frankenstein\gui.vromfs.bin_u\gui\loading.blkx"
     Wrong filetype
"C:\Users\u\Desktop\frankenstein\gui.vromfs.bin_u\gui\loadingcamp.blkx"
     Wrong filetype
"C:\Users\u\Desktop\frankenstein\gui.vromfs.bin_u\gui\loginbox.blk"
"C:\Users\u\Desktop\frankenstein\gui.vromfs.bin_u\gui\loginboxsimple.blk"
"C:\Users\u\Desktop\frankenstein\gui.vromfs.bin_u\gui\loginbox.blkx"
     Wrong filetype
"C:\Users\u\Desktop\frankenstein\gui.vromfs.bin_u\gui\loginboxsimple.blkx"
     Wrong filetype
"C:\Users\u\Desktop\frankenstein\gui.vromfs.bin_u\gui\medaltooltip.blk"
"C:\Users\u\Desktop\frankenstein\gui.vromfs.bin_u\gui\medaltooltip.blkx"
     Wrong filetype
"C:\Users\u\Desktop\frankenstein\gui.vromfs.bin_u\gui\missiondescr.blk"
"C:\Users\u\Desktop\frankenstein\gui.vromfs.bin_u\gui\missiondescr.blkx"
     Wrong filetype
"C:\Users\u\Desktop\frankenstein\gui.vromfs.bin_u\gui\modalscenewithgamercard.blk"
"C:\Users\u\Desktop\frankenstein\gui.vromfs.bin_u\gui\modalscenewithoutgamercard.blk"
"C:\Users\u\Desktop\frankenstein\gui.vromfs.bin_u\gui\modalscenewithoutgamercard.blkx"
     Wrong filetype
"C:\Users\u\Desktop\frankenstein\gui.vromfs.bin_u\gui\modalscenewithgamercard.blkx"
     Wrong filetype
"C:\Users\u\Desktop\frankenstein\gui.vromfs.bin_u\gui\mousesetup.blk"
     Empty file
"C:\Users\u\Desktop\frankenstein\gui.vromfs.bin_u\gui\movetoobj.blk"
"C:\Users\u\Desktop\frankenstein\gui.vromfs.bin_u\gui\movetoobj.blkx"
     Wrong filetype
"C:\Users\u\Desktop\frankenstein\gui.vromfs.bin_u\gui\mpstatistics.blk"
"C:\Users\u\Desktop\frankenstein\gui.vromfs.bin_u\gui\mpstatistics.blkx"
     Wrong filetype
"C:\Users\u\Desktop\frankenstein\gui.vromfs.bin_u\gui\msgbox.blk"
"C:\Users\u\Desktop\frankenstein\gui.vromfs.bin_u\gui\msgbox.blkx"
     Wrong filetype
"C:\Users\u\Desktop\frankenstein\gui.vromfs.bin_u\gui\multiplepurchase.blk"
"C:\Users\u\Desktop\frankenstein\gui.vromfs.bin_u\gui\multiplepurchase.blkx"
     Wrong filetype
"C:\Users\u\Desktop\frankenstein\gui.vromfs.bin_u\gui\navapply.blk"
"C:\Users\u\Desktop\frankenstein\gui.vromfs.bin_u\gui\navapply.blkx"
     Wrong filetype
"C:\Users\u\Desktop\frankenstein\gui.vromfs.bin_u\gui\navback.blk"
"C:\Users\u\Desktop\frankenstein\gui.vromfs.bin_u\gui\navbackhint.blk"
"C:\Users\u\Desktop\frankenstein\gui.vromfs.bin_u\gui\navback.blkx"
     Wrong filetype
"C:\Users\u\Desktop\frankenstein\gui.vromfs.bin_u\gui\navbackhint.blkx"
     Wrong filetype
"C:\Users\u\Desktop\frankenstein\gui.vromfs.bin_u\gui\navbriefing.blk"
"C:\Users\u\Desktop\frankenstein\gui.vromfs.bin_u\gui\navbriefing.blkx"
     Wrong filetype
"C:\Users\u\Desktop\frankenstein\gui.vromfs.bin_u\gui\navbuilderoptions.blk"
"C:\Users\u\Desktop\frankenstein\gui.vromfs.bin_u\gui\navbuilderoptions.blkx"
     Wrong filetype
"C:\Users\u\Desktop\frankenstein\gui.vromfs.bin_u\gui\navdebriefing.blk"
"C:\Users\u\Desktop\frankenstein\gui.vromfs.bin_u\gui\navdebriefing.blkx"
     Wrong filetype
"C:\Users\u\Desktop\frankenstein\gui.vromfs.bin_u\gui\navhelphangar.blk"
"C:\Users\u\Desktop\frankenstein\gui.vromfs.bin_u\gui\navhelphangar.blkx"
     Wrong filetype
"C:\Users\u\Desktop\frankenstein\gui.vromfs.bin_u\gui\navmpstat.blk"
"C:\Users\u\Desktop\frankenstein\gui.vromfs.bin_u\gui\navmpstat.blkx"
     Wrong filetype
"C:\Users\u\Desktop\frankenstein\gui.vromfs.bin_u\gui\navonlineshop.blk"
"C:\Users\u\Desktop\frankenstein\gui.vromfs.bin_u\gui\navonlineshop.blkx"
     Wrong filetype
"C:\Users\u\Desktop\frankenstein\gui.vromfs.bin_u\gui\navreplays.blk"
"C:\Users\u\Desktop\frankenstein\gui.vromfs.bin_u\gui\navreplays.blkx"
     Wrong filetype
"C:\Users\u\Desktop\frankenstein\gui.vromfs.bin_u\gui\navrespawn.blk"
"C:\Users\u\Desktop\frankenstein\gui.vromfs.bin_u\gui\navrespawn.blkx"
     Wrong filetype
"C:\Users\u\Desktop\frankenstein\gui.vromfs.bin_u\gui\navselect.blk"
"C:\Users\u\Desktop\frankenstein\gui.vromfs.bin_u\gui\navselect.blkx"
     Wrong filetype
"C:\Users\u\Desktop\frankenstein\gui.vromfs.bin_u\gui\navsessionslist.blk"
"C:\Users\u\Desktop\frankenstein\gui.vromfs.bin_u\gui\navsessionslist.blkx"
     Wrong filetype
"C:\Users\u\Desktop\frankenstein\gui.vromfs.bin_u\gui\navtestflight.blk"
"C:\Users\u\Desktop\frankenstein\gui.vromfs.bin_u\gui\navtestflight.blkx"
     Wrong filetype
"C:\Users\u\Desktop\frankenstein\gui.vromfs.bin_u\gui\nextmodificationchoice.blk"
"C:\Users\u\Desktop\frankenstein\gui.vromfs.bin_u\gui\nextmodificationchoice.blkx"
     Wrong filetype
"C:\Users\u\Desktop\frankenstein\gui.vromfs.bin_u\gui\nexttutorial.blk"
"C:\Users\u\Desktop\frankenstein\gui.vromfs.bin_u\gui\nexttutorial.blkx"
     Wrong filetype
"C:\Users\u\Desktop\frankenstein\gui.vromfs.bin_u\gui\optioninfobox.blk"
"C:\Users\u\Desktop\frankenstein\gui.vromfs.bin_u\gui\optioninfobox.blkx"
     Wrong filetype
"C:\Users\u\Desktop\frankenstein\gui.vromfs.bin_u\gui\payment.blk"
"C:\Users\u\Desktop\frankenstein\gui.vromfs.bin_u\gui\paymentitem.blk"
"C:\Users\u\Desktop\frankenstein\gui.vromfs.bin_u\gui\payment.blkx"
     Wrong filetype
"C:\Users\u\Desktop\frankenstein\gui.vromfs.bin_u\gui\paymentitem.blkx"
     Wrong filetype
"C:\Users\u\Desktop\frankenstein\gui.vromfs.bin_u\gui\postfxsettings.blk"
"C:\Users\u\Desktop\frankenstein\gui.vromfs.bin_u\gui\postfxsettings.blkx"
     Wrong filetype
"C:\Users\u\Desktop\frankenstein\gui.vromfs.bin_u\gui\profile.blk"
"C:\Users\u\Desktop\frankenstein\gui.vromfs.bin_u\gui\profileinfo.blk"
"C:\Users\u\Desktop\frankenstein\gui.vromfs.bin_u\gui\profilestatsinfo.blk"
"C:\Users\u\Desktop\frankenstein\gui.vromfs.bin_u\gui\profilestatsinfo.blkx"
     Wrong filetype
"C:\Users\u\Desktop\frankenstein\gui.vromfs.bin_u\gui\profile.blkx"
     Wrong filetype
"C:\Users\u\Desktop\frankenstein\gui.vromfs.bin_u\gui\profileinfo.blkx"
     Wrong filetype
"C:\Users\u\Desktop\frankenstein\gui.vromfs.bin_u\gui\quitselect.blk"
"C:\Users\u\Desktop\frankenstein\gui.vromfs.bin_u\gui\quitselect.blkx"
     Wrong filetype
"C:\Users\u\Desktop\frankenstein\gui.vromfs.bin_u\gui\rankupwindow.blk"
"C:\Users\u\Desktop\frankenstein\gui.vromfs.bin_u\gui\rankupwindow.blkx"
     Wrong filetype
"C:\Users\u\Desktop\frankenstein\gui.vromfs.bin_u\gui\researchedmodifications.blk"
"C:\Users\u\Desktop\frankenstein\gui.vromfs.bin_u\gui\researchedmodifications.blkx"
     Wrong filetype
"C:\Users\u\Desktop\frankenstein\gui.vromfs.bin_u\gui\respawn.blk"
"C:\Users\u\Desktop\frankenstein\gui.vromfs.bin_u\gui\respawn.blkx"
     Wrong filetype
"C:\Users\u\Desktop\frankenstein\gui.vromfs.bin_u\gui\rootscreen.blk"
"C:\Users\u\Desktop\frankenstein\gui.vromfs.bin_u\gui\rootscreen.blkx"
     Wrong filetype
"C:\Users\u\Desktop\frankenstein\gui.vromfs.bin_u\gui\sessionslist.blk"
"C:\Users\u\Desktop\frankenstein\gui.vromfs.bin_u\gui\sessionslist.blkx"
     Wrong filetype
"C:\Users\u\Desktop\frankenstein\gui.vromfs.bin_u\gui\showimage.blk"
"C:\Users\u\Desktop\frankenstein\gui.vromfs.bin_u\gui\showimage.blkx"
     Wrong filetype
"C:\Users\u\Desktop\frankenstein\gui.vromfs.bin_u\gui\showunlock.blk"
"C:\Users\u\Desktop\frankenstein\gui.vromfs.bin_u\gui\showunlocktakeairnavbar.blk"
"C:\Users\u\Desktop\frankenstein\gui.vromfs.bin_u\gui\showunlocktakeairnavbar.blkx"
     Wrong filetype
"C:\Users\u\Desktop\frankenstein\gui.vromfs.bin_u\gui\showunlock.blkx"
     Wrong filetype
"C:\Users\u\Desktop\frankenstein\gui.vromfs.bin_u\gui\slotinfopanel.blk"
"C:\Users\u\Desktop\frankenstein\gui.vromfs.bin_u\gui\slotinfopanel.blkx"
     Wrong filetype
"C:\Users\u\Desktop\frankenstein\gui.vromfs.bin_u\gui\spectator.blk"
"C:\Users\u\Desktop\frankenstein\gui.vromfs.bin_u\gui\spectator.blkx"
     Wrong filetype
"C:\Users\u\Desktop\frankenstein\gui.vromfs.bin_u\gui\startscreen.blk"
"C:\Users\u\Desktop\frankenstein\gui.vromfs.bin_u\gui\startscreentitle.blk"
"C:\Users\u\Desktop\frankenstein\gui.vromfs.bin_u\gui\startscreentitle.blkx"
     Wrong filetype
"C:\Users\u\Desktop\frankenstein\gui.vromfs.bin_u\gui\startscreen.blkx"
     Wrong filetype
"C:\Users\u\Desktop\frankenstein\gui.vromfs.bin_u\gui\stubmenuitems.blk"
"C:\Users\u\Desktop\frankenstein\gui.vromfs.bin_u\gui\stubmenuitems.blkx"
     Wrong filetype
"C:\Users\u\Desktop\frankenstein\gui.vromfs.bin_u\gui\tacticalmap.blk"
"C:\Users\u\Desktop\frankenstein\gui.vromfs.bin_u\gui\tacticalmap.blkx"
     Wrong filetype
"C:\Users\u\Desktop\frankenstein\gui.vromfs.bin_u\gui\ugmmissions.blk"
"C:\Users\u\Desktop\frankenstein\gui.vromfs.bin_u\gui\ugmmissions.blkx"
     Wrong filetype
"C:\Users\u\Desktop\frankenstein\gui.vromfs.bin_u\gui\usercard.blk"
"C:\Users\u\Desktop\frankenstein\gui.vromfs.bin_u\gui\usercard.blkx"
     Wrong filetype
"C:\Users\u\Desktop\frankenstein\gui.vromfs.bin_u\gui\userlog.blk"
"C:\Users\u\Desktop\frankenstein\gui.vromfs.bin_u\gui\userlogrow.blk"
"C:\Users\u\Desktop\frankenstein\gui.vromfs.bin_u\gui\userlog.blkx"
     Wrong filetype
"C:\Users\u\Desktop\frankenstein\gui.vromfs.bin_u\gui\userlogrow.blkx"
     Wrong filetype
"C:\Users\u\Desktop\frankenstein\gui.vromfs.bin_u\gui\waitbox.blk"
"C:\Users\u\Desktop\frankenstein\gui.vromfs.bin_u\gui\waitbox.blkx"
     Wrong filetype
"C:\Users\u\Desktop\frankenstein\gui.vromfs.bin_u\gui\actionslist\actionslistblock.blk"
"C:\Users\u\Desktop\frankenstein\gui.vromfs.bin_u\gui\actionslist\actionslistblock.blkx"
     Wrong filetype
"C:\Users\u\Desktop\frankenstein\gui.vromfs.bin_u\gui\airinfo\airinfopanel.blk"
"C:\Users\u\Desktop\frankenstein\gui.vromfs.bin_u\gui\airinfo\airinfopanel.blkx"
     Wrong filetype
"C:\Users\u\Desktop\frankenstein\gui.vromfs.bin_u\gui\airinfo\rankversusinfo.blk"
"C:\Users\u\Desktop\frankenstein\gui.vromfs.bin_u\gui\airinfo\rankversusinfo.blkx"
     Wrong filetype
"C:\Users\u\Desktop\frankenstein\gui.vromfs.bin_u\gui\chat\chatthreadslist.blk"
"C:\Users\u\Desktop\frankenstein\gui.vromfs.bin_u\gui\chat\chatthreadslist.blkx"
     Wrong filetype
"C:\Users\u\Desktop\frankenstein\gui.vromfs.bin_u\gui\chat\createchatroom.blk"
"C:\Users\u\Desktop\frankenstein\gui.vromfs.bin_u\gui\chat\createchatroom.blkx"
     Wrong filetype
"C:\Users\u\Desktop\frankenstein\gui.vromfs.bin_u\gui\chat\customchat.blk"
"C:\Users\u\Desktop\frankenstein\gui.vromfs.bin_u\gui\chat\customchat.blkx"
     Wrong filetype
"C:\Users\u\Desktop\frankenstein\gui.vromfs.bin_u\gui\chat\gamechat.blk"
"C:\Users\u\Desktop\frankenstein\gui.vromfs.bin_u\gui\chat\gamechatrespawn.blk"
"C:\Users\u\Desktop\frankenstein\gui.vromfs.bin_u\gui\chat\gamechatspectator.blk"
"C:\Users\u\Desktop\frankenstein\gui.vromfs.bin_u\gui\chat\gamechatspectator.blkx"
     Wrong filetype
"C:\Users\u\Desktop\frankenstein\gui.vromfs.bin_u\gui\chat\gamechat.blkx"
     Wrong filetype
"C:\Users\u\Desktop\frankenstein\gui.vromfs.bin_u\gui\chat\gamechatrespawn.blkx"
     Wrong filetype
"C:\Users\u\Desktop\frankenstein\gui.vromfs.bin_u\gui\chat\inviteswnd.blk"
"C:\Users\u\Desktop\frankenstein\gui.vromfs.bin_u\gui\chat\inviteswnd.blkx"
     Wrong filetype
"C:\Users\u\Desktop\frankenstein\gui.vromfs.bin_u\gui\chat\menuchat.blk"
"C:\Users\u\Desktop\frankenstein\gui.vromfs.bin_u\gui\chat\menuchat.blkx"
     Wrong filetype
"C:\Users\u\Desktop\frankenstein\gui.vromfs.bin_u\gui\chat\modifythreadwnd.blk"
"C:\Users\u\Desktop\frankenstein\gui.vromfs.bin_u\gui\chat\modifythreadwnd.blkx"
     Wrong filetype
"C:\Users\u\Desktop\frankenstein\gui.vromfs.bin_u\gui\chooseimage\chooseimage.blk"
"C:\Users\u\Desktop\frankenstein\gui.vromfs.bin_u\gui\chooseimage\chooseimage.blkx"
     Wrong filetype
"C:\Users\u\Desktop\frankenstein\gui.vromfs.bin_u\gui\clans\clanactivitymodal.blk"
"C:\Users\u\Desktop\frankenstein\gui.vromfs.bin_u\gui\clans\clanactivitypage.blk"
"C:\Users\u\Desktop\frankenstein\gui.vromfs.bin_u\gui\clans\clanactivitypage.blkx"
     Wrong filetype
"C:\Users\u\Desktop\frankenstein\gui.vromfs.bin_u\gui\clans\clanactivitymodal.blkx"
     Wrong filetype
"C:\Users\u\Desktop\frankenstein\gui.vromfs.bin_u\gui\clans\clanchangemembershipreqwnd.blk"
"C:\Users\u\Desktop\frankenstein\gui.vromfs.bin_u\gui\clans\clanchangerolewindow.blk"
"C:\Users\u\Desktop\frankenstein\gui.vromfs.bin_u\gui\clans\clanchangerolewindow.blkx"
     Wrong filetype
"C:\Users\u\Desktop\frankenstein\gui.vromfs.bin_u\gui\clans\clanchangemembershipreqwnd.blkx"
     Wrong filetype
"C:\Users\u\Desktop\frankenstein\gui.vromfs.bin_u\gui\clans\clanlogmodal.blk"
"C:\Users\u\Desktop\frankenstein\gui.vromfs.bin_u\gui\clans\clanlogmodal.blkx"
     Wrong filetype
"C:\Users\u\Desktop\frankenstein\gui.vromfs.bin_u\gui\clans\clanmodifywindow.blk"
"C:\Users\u\Desktop\frankenstein\gui.vromfs.bin_u\gui\clans\clanmodifywindow.blkx"
     Wrong filetype
"C:\Users\u\Desktop\frankenstein\gui.vromfs.bin_u\gui\clans\clanpage.blk"
"C:\Users\u\Desktop\frankenstein\gui.vromfs.bin_u\gui\clans\clanpagemodal.blk"
"C:\Users\u\Desktop\frankenstein\gui.vromfs.bin_u\gui\clans\clanpagemodalhelp.blk"
"C:\Users\u\Desktop\frankenstein\gui.vromfs.bin_u\gui\clans\clanpagemodalhelp.blkx"
     Wrong filetype
"C:\Users\u\Desktop\frankenstein\gui.vromfs.bin_u\gui\clans\clanpage.blkx"
     Wrong filetype
"C:\Users\u\Desktop\frankenstein\gui.vromfs.bin_u\gui\clans\clanpagemodal.blkx"
     Wrong filetype
"C:\Users\u\Desktop\frankenstein\gui.vromfs.bin_u\gui\clans\clanrequests.blk"
"C:\Users\u\Desktop\frankenstein\gui.vromfs.bin_u\gui\clans\clanrequests.blkx"
     Wrong filetype
"C:\Users\u\Desktop\frankenstein\gui.vromfs.bin_u\gui\clans\clanseasoninfomodal.blk"
"C:\Users\u\Desktop\frankenstein\gui.vromfs.bin_u\gui\clans\clanseasoninfomodal.blkx"
     Wrong filetype
"C:\Users\u\Desktop\frankenstein\gui.vromfs.bin_u\gui\clans\clansmodal.blk"
"C:\Users\u\Desktop\frankenstein\gui.vromfs.bin_u\gui\clans\clansmodalhandlerlisthelp.blk"
"C:\Users\u\Desktop\frankenstein\gui.vromfs.bin_u\gui\clans\clansmodalhandlerlisthelp.blkx"
     Wrong filetype
"C:\Users\u\Desktop\frankenstein\gui.vromfs.bin_u\gui\clans\clansmodal.blkx"
     Wrong filetype
"C:\Users\u\Desktop\frankenstein\gui.vromfs.bin_u\gui\contacts\contacts.blk"
"C:\Users\u\Desktop\frankenstein\gui.vromfs.bin_u\gui\contacts\contacts.blkx"
     Wrong filetype
"C:\Users\u\Desktop\frankenstein\gui.vromfs.bin_u\gui\controls\gamepadcursorcontrolssplash.blk"
"C:\Users\u\Desktop\frankenstein\gui.vromfs.bin_u\gui\controls\gamepadcursorcontrolssplash.blkx"
     Wrong filetype
"C:\Users\u\Desktop\frankenstein\gui.vromfs.bin_u\gui\convertexp\convertexp.blk"
"C:\Users\u\Desktop\frankenstein\gui.vromfs.bin_u\gui\convertexp\convertexp.blkx"
     Wrong filetype
"C:\Users\u\Desktop\frankenstein\gui.vromfs.bin_u\gui\crew\crew.blk"
"C:\Users\u\Desktop\frankenstein\gui.vromfs.bin_u\gui\crew\crew.blkx"
     Wrong filetype
"C:\Users\u\Desktop\frankenstein\gui.vromfs.bin_u\gui\debriefing\awardicon.blk"
"C:\Users\u\Desktop\frankenstein\gui.vromfs.bin_u\gui\debriefing\awardicon.blkx"
     Wrong filetype
"C:\Users\u\Desktop\frankenstein\gui.vromfs.bin_u\gui\debriefing\debriefing.blk"
"C:\Users\u\Desktop\frankenstein\gui.vromfs.bin_u\gui\debriefing\debriefingnavbar.blk"
"C:\Users\u\Desktop\frankenstein\gui.vromfs.bin_u\gui\debriefing\debriefingnavbar.blkx"
     Wrong filetype
"C:\Users\u\Desktop\frankenstein\gui.vromfs.bin_u\gui\debriefing\debriefing.blkx"
     Wrong filetype
"C:\Users\u\Desktop\frankenstein\gui.vromfs.bin_u\gui\debriefing\statrow.blk"
"C:\Users\u\Desktop\frankenstein\gui.vromfs.bin_u\gui\debriefing\statrow.blkx"
     Wrong filetype
"C:\Users\u\Desktop\frankenstein\gui.vromfs.bin_u\gui\debriefing\tabawardslist.blk"
"C:\Users\u\Desktop\frankenstein\gui.vromfs.bin_u\gui\debriefing\tabawardslist.blkx"
     Wrong filetype
"C:\Users\u\Desktop\frankenstein\gui.vromfs.bin_u\gui\debriefing\tabbattlelog.blk"
"C:\Users\u\Desktop\frankenstein\gui.vromfs.bin_u\gui\debriefing\tabbattlelog.blkx"
     Wrong filetype
"C:\Users\u\Desktop\frankenstein\gui.vromfs.bin_u\gui\debriefing\tabchathistory.blk"
"C:\Users\u\Desktop\frankenstein\gui.vromfs.bin_u\gui\debriefing\tabchathistory.blkx"
     Wrong filetype
"C:\Users\u\Desktop\frankenstein\gui.vromfs.bin_u\gui\debriefing\tabmptable.blk"
"C:\Users\u\Desktop\frankenstein\gui.vromfs.bin_u\gui\debriefing\tabmptable.blkx"
     Wrong filetype
"C:\Users\u\Desktop\frankenstein\gui.vromfs.bin_u\gui\debriefing\tabmystats.blk"
"C:\Users\u\Desktop\frankenstein\gui.vromfs.bin_u\gui\debriefing\tabmystats.blkx"
     Wrong filetype
"C:\Users\u\Desktop\frankenstein\gui.vromfs.bin_u\gui\debriefing\tabwwcasualties.blk"
"C:\Users\u\Desktop\frankenstein\gui.vromfs.bin_u\gui\debriefing\tabwwcasualties.blkx"
     Wrong filetype
"C:\Users\u\Desktop\frankenstein\gui.vromfs.bin_u\gui\events\airruleitem.blk"
"C:\Users\u\Desktop\frankenstein\gui.vromfs.bin_u\gui\events\airruleitem.blkx"
     Wrong filetype
"C:\Users\u\Desktop\frankenstein\gui.vromfs.bin_u\gui\events\eventqueue.blk"
"C:\Users\u\Desktop\frankenstein\gui.vromfs.bin_u\gui\events\eventqueuebycountries.blk"
"C:\Users\u\Desktop\frankenstein\gui.vromfs.bin_u\gui\events\eventqueuebycountries.blkx"
     Wrong filetype
"C:\Users\u\Desktop\frankenstein\gui.vromfs.bin_u\gui\events\eventqueue.blkx"
     Wrong filetype
"C:\Users\u\Desktop\frankenstein\gui.vromfs.bin_u\gui\events\eventsmodal.blk"
"C:\Users\u\Desktop\frankenstein\gui.vromfs.bin_u\gui\events\eventsmodal.blkx"
     Wrong filetype
"C:\Users\u\Desktop\frankenstein\gui.vromfs.bin_u\gui\events\queuebox.blk"
"C:\Users\u\Desktop\frankenstein\gui.vromfs.bin_u\gui\events\queuebox.blkx"
     Wrong filetype
"C:\Users\u\Desktop\frankenstein\gui.vromfs.bin_u\gui\filedialog\filedialog.blk"
"C:\Users\u\Desktop\frankenstein\gui.vromfs.bin_u\gui\filedialog\filedialog.blkx"
     Wrong filetype
"C:\Users\u\Desktop\frankenstein\gui.vromfs.bin_u\gui\firstchoice\countrychoice.blk"
"C:\Users\u\Desktop\frankenstein\gui.vromfs.bin_u\gui\firstchoice\countrychoice.blkx"
     Wrong filetype
"C:\Users\u\Desktop\frankenstein\gui.vromfs.bin_u\gui\help\controllerdualshock.blkx"
     Wrong filetype
"C:\Users\u\Desktop\frankenstein\gui.vromfs.bin_u\gui\help\controlstank.blkx"
     Wrong filetype
"C:\Users\u\Desktop\frankenstein\gui.vromfs.bin_u\gui\help\controllerdualshock.blkxx"
     Empty file
"C:\Users\u\Desktop\frankenstein\gui.vromfs.bin_u\gui\help\controlsship.blkx"
     Wrong filetype
"C:\Users\u\Desktop\frankenstein\gui.vromfs.bin_u\gui\help\controllerdualshock.blk"
"C:\Users\u\Desktop\frankenstein\gui.vromfs.bin_u\gui\help\controllerkeyboard.blk"
"C:\Users\u\Desktop\frankenstein\gui.vromfs.bin_u\gui\help\controllerxbox.blk"
"C:\Users\u\Desktop\frankenstein\gui.vromfs.bin_u\gui\help\controlsaircraft.blk"
"C:\Users\u\Desktop\frankenstein\gui.vromfs.bin_u\gui\help\controlshelicopter.blk"
"C:\Users\u\Desktop\frankenstein\gui.vromfs.bin_u\gui\help\controlsship.blk"
"C:\Users\u\Desktop\frankenstein\gui.vromfs.bin_u\gui\help\controlstank.blk"
"C:\Users\u\Desktop\frankenstein\gui.vromfs.bin_u\gui\help\controllerkeyboard.blkx"
     Wrong filetype
"C:\Users\u\Desktop\frankenstein\gui.vromfs.bin_u\gui\help\controllerxbox.blkx"
     Wrong filetype
"C:\Users\u\Desktop\frankenstein\gui.vromfs.bin_u\gui\help\controlsaircraft.blkx"
     Wrong filetype
"C:\Users\u\Desktop\frankenstein\gui.vromfs.bin_u\gui\help\controlshelicopter.blkx"
     Wrong filetype
"C:\Users\u\Desktop\frankenstein\gui.vromfs.bin_u\gui\help\helpwnd.blk"
"C:\Users\u\Desktop\frankenstein\gui.vromfs.bin_u\gui\help\helpwnd.blkx"
     Wrong filetype
"C:\Users\u\Desktop\frankenstein\gui.vromfs.bin_u\gui\help\internalhelp.blk"
"C:\Users\u\Desktop\frankenstein\gui.vromfs.bin_u\gui\help\internalhelp.blkx"
     Wrong filetype
"C:\Users\u\Desktop\frankenstein\gui.vromfs.bin_u\gui\help\missionairdomination.blkx"
     Wrong filetype
"C:\Users\u\Desktop\frankenstein\gui.vromfs.bin_u\gui\help\missionairdomination.blk"
"C:\Users\u\Desktop\frankenstein\gui.vromfs.bin_u\gui\help\missionairfieldcapture.blk"
"C:\Users\u\Desktop\frankenstein\gui.vromfs.bin_u\gui\help\missiongroundcapture.blk"
"C:\Users\u\Desktop\frankenstein\gui.vromfs.bin_u\gui\help\missiongroundstrike.blk"
"C:\Users\u\Desktop\frankenstein\gui.vromfs.bin_u\gui\help\missiongroundstrikecomplete.blk"
"C:\Users\u\Desktop\frankenstein\gui.vromfs.bin_u\gui\help\missionairfieldcapture.blkx"
     Wrong filetype
"C:\Users\u\Desktop\frankenstein\gui.vromfs.bin_u\gui\help\missiongroundcapture.blkx"
     Wrong filetype
"C:\Users\u\Desktop\frankenstein\gui.vromfs.bin_u\gui\help\missiongroundstrike.blkx"
     Wrong filetype
"C:\Users\u\Desktop\frankenstein\gui.vromfs.bin_u\gui\help\missiongroundstrikecomplete.blkx"
     Wrong filetype
"C:\Users\u\Desktop\frankenstein\gui.vromfs.bin_u\gui\hud\hud.blk"
"C:\Users\u\Desktop\frankenstein\gui.vromfs.bin_u\gui\hud\hudair.blk"
"C:\Users\u\Desktop\frankenstein\gui.vromfs.bin_u\gui\hud\hudair.blkx"
     Wrong filetype
"C:\Users\u\Desktop\frankenstein\gui.vromfs.bin_u\gui\hud\hudbase.blk"
"C:\Users\u\Desktop\frankenstein\gui.vromfs.bin_u\gui\hud\hudbase.blkx"
     Wrong filetype
"C:\Users\u\Desktop\frankenstein\gui.vromfs.bin_u\gui\hud\hudcutscene.blk"
"C:\Users\u\Desktop\frankenstein\gui.vromfs.bin_u\gui\hud\hudcutscene.blkx"
     Wrong filetype
"C:\Users\u\Desktop\frankenstein\gui.vromfs.bin_u\gui\hud\hudenemydebuffsship.blk"
"C:\Users\u\Desktop\frankenstein\gui.vromfs.bin_u\gui\hud\hudenemydebuffstank.blk"
"C:\Users\u\Desktop\frankenstein\gui.vromfs.bin_u\gui\hud\hudenemydebuffstank.blkx"
     Wrong filetype
"C:\Users\u\Desktop\frankenstein\gui.vromfs.bin_u\gui\hud\hudenemydebuffsship.blkx"
     Wrong filetype
"C:\Users\u\Desktop\frankenstein\gui.vromfs.bin_u\gui\hud\hudhelicopter.blk"
"C:\Users\u\Desktop\frankenstein\gui.vromfs.bin_u\gui\hud\hudhelicopter.blkx"
     Wrong filetype
"C:\Users\u\Desktop\frankenstein\gui.vromfs.bin_u\gui\hud\hudship.blk"
"C:\Users\u\Desktop\frankenstein\gui.vromfs.bin_u\gui\hud\hudship.blkx"
     Wrong filetype
"C:\Users\u\Desktop\frankenstein\gui.vromfs.bin_u\gui\hud\hudtank.blk"
"C:\Users\u\Desktop\frankenstein\gui.vromfs.bin_u\gui\hud\hudtank.blkx"
     Wrong filetype
"C:\Users\u\Desktop\frankenstein\gui.vromfs.bin_u\gui\hud\hudtouchair.blk"
"C:\Users\u\Desktop\frankenstein\gui.vromfs.bin_u\gui\hud\hudtouchbase.blk"
"C:\Users\u\Desktop\frankenstein\gui.vromfs.bin_u\gui\hud\hudtouchtank.blk"
"C:\Users\u\Desktop\frankenstein\gui.vromfs.bin_u\gui\hud\hudtouchbase.blkx"
     Wrong filetype
"C:\Users\u\Desktop\frankenstein\gui.vromfs.bin_u\gui\hud\hudtouchtank.blkx"
     Wrong filetype
"C:\Users\u\Desktop\frankenstein\gui.vromfs.bin_u\gui\hud\hudtouchair.blkx"
     Wrong filetype
"C:\Users\u\Desktop\frankenstein\gui.vromfs.bin_u\gui\hud\hud.blkx"
     Wrong filetype
"C:\Users\u\Desktop\frankenstein\gui.vromfs.bin_u\gui\hud\streaks.blk"
"C:\Users\u\Desktop\frankenstein\gui.vromfs.bin_u\gui\hud\streaks.blkx"
     Wrong filetype
"C:\Users\u\Desktop\frankenstein\gui.vromfs.bin_u\gui\items\everydayloginaward.blk"
"C:\Users\u\Desktop\frankenstein\gui.vromfs.bin_u\gui\items\everydayloginaward.blkx"
     Wrong filetype
"C:\Users\u\Desktop\frankenstein\gui.vromfs.bin_u\gui\items\itemdesc.blk"
"C:\Users\u\Desktop\frankenstein\gui.vromfs.bin_u\gui\items\itemdesc.blkx"
     Wrong filetype
"C:\Users\u\Desktop\frankenstein\gui.vromfs.bin_u\gui\items\itemsshop.blk"
"C:\Users\u\Desktop\frankenstein\gui.vromfs.bin_u\gui\items\itemsshop.blkx"
     Wrong filetype
"C:\Users\u\Desktop\frankenstein\gui.vromfs.bin_u\gui\items\itemtooltip.blk"
"C:\Users\u\Desktop\frankenstein\gui.vromfs.bin_u\gui\items\itemtooltip.blkx"
     Wrong filetype
"C:\Users\u\Desktop\frankenstein\gui.vromfs.bin_u\gui\items\trophyreward.blk"
"C:\Users\u\Desktop\frankenstein\gui.vromfs.bin_u\gui\items\trophyrewardslist.blk"
"C:\Users\u\Desktop\frankenstein\gui.vromfs.bin_u\gui\items\trophyrewardslist.blkx"
     Wrong filetype
"C:\Users\u\Desktop\frankenstein\gui.vromfs.bin_u\gui\items\trophyreward.blkx"
     Wrong filetype
"C:\Users\u\Desktop\frankenstein\gui.vromfs.bin_u\gui\loading\loadinghangar.blk"
"C:\Users\u\Desktop\frankenstein\gui.vromfs.bin_u\gui\loading\loadinghangar.blkx"
     Wrong filetype
"C:\Users\u\Desktop\frankenstein\gui.vromfs.bin_u\gui\login\updatermodal.blk"
"C:\Users\u\Desktop\frankenstein\gui.vromfs.bin_u\gui\login\updatermodal.blkx"
     Wrong filetype
"C:\Users\u\Desktop\frankenstein\gui.vromfs.bin_u\gui\login\waitforloginwnd.blk"
"C:\Users\u\Desktop\frankenstein\gui.vromfs.bin_u\gui\login\waitforloginwnd.blkx"
     Wrong filetype
"C:\Users\u\Desktop\frankenstein\gui.vromfs.bin_u\gui\mainmenu\instantaction.blk"
"C:\Users\u\Desktop\frankenstein\gui.vromfs.bin_u\gui\mainmenu\instantactionhelp.blk"
"C:\Users\u\Desktop\frankenstein\gui.vromfs.bin_u\gui\mainmenu\instantactionhelp.blkx"
     Wrong filetype
"C:\Users\u\Desktop\frankenstein\gui.vromfs.bin_u\gui\mainmenu\instantaction.blkx"
     Wrong filetype
"C:\Users\u\Desktop\frankenstein\gui.vromfs.bin_u\gui\mainmenu\topmenu.blk"
"C:\Users\u\Desktop\frankenstein\gui.vromfs.bin_u\gui\mainmenu\topmenuscene.blk"
"C:\Users\u\Desktop\frankenstein\gui.vromfs.bin_u\gui\mainmenu\topmenu.blkx"
     Wrong filetype
"C:\Users\u\Desktop\frankenstein\gui.vromfs.bin_u\gui\mainmenu\topmenuscene.blkx"
     Wrong filetype
"C:\Users\u\Desktop\frankenstein\gui.vromfs.bin_u\gui\missions\choosemissionslistwnd.blk"
"C:\Users\u\Desktop\frankenstein\gui.vromfs.bin_u\gui\missions\choosemissionslistwnd.blkx"
     Wrong filetype
"C:\Users\u\Desktop\frankenstein\gui.vromfs.bin_u\gui\missions\misobjective.blk"
"C:\Users\u\Desktop\frankenstein\gui.vromfs.bin_u\gui\missions\misobjectiveright.blk"
"C:\Users\u\Desktop\frankenstein\gui.vromfs.bin_u\gui\missions\misobjectiveright.blkx"
     Wrong filetype
"C:\Users\u\Desktop\frankenstein\gui.vromfs.bin_u\gui\missions\misobjective.blkx"
     Wrong filetype
"C:\Users\u\Desktop\frankenstein\gui.vromfs.bin_u\gui\missions\modifyurlmission.blk"
"C:\Users\u\Desktop\frankenstein\gui.vromfs.bin_u\gui\missions\modifyurlmission.blkx"
     Wrong filetype
"C:\Users\u\Desktop\frankenstein\gui.vromfs.bin_u\gui\mplobby\mplobby.blk"
"C:\Users\u\Desktop\frankenstein\gui.vromfs.bin_u\gui\mplobby\mplobby.blkx"
     Wrong filetype
"C:\Users\u\Desktop\frankenstein\gui.vromfs.bin_u\gui\options\framedoptionswnd.blk"
"C:\Users\u\Desktop\frankenstein\gui.vromfs.bin_u\gui\options\framedoptionswnd.blkx"
     Wrong filetype
"C:\Users\u\Desktop\frankenstein\gui.vromfs.bin_u\gui\options\genericoptions.blk"
"C:\Users\u\Desktop\frankenstein\gui.vromfs.bin_u\gui\options\genericoptionsmap.blk"
"C:\Users\u\Desktop\frankenstein\gui.vromfs.bin_u\gui\options\genericoptionsmodal.blk"
"C:\Users\u\Desktop\frankenstein\gui.vromfs.bin_u\gui\options\genericoptionsmap.blkx"
     Wrong filetype
"C:\Users\u\Desktop\frankenstein\gui.vromfs.bin_u\gui\options\genericoptionsmodal.blkx"
     Wrong filetype
"C:\Users\u\Desktop\frankenstein\gui.vromfs.bin_u\gui\options\genericoptions.blkx"
     Wrong filetype
"C:\Users\u\Desktop\frankenstein\gui.vromfs.bin_u\gui\options\internetradiooptions.blk"
"C:\Users\u\Desktop\frankenstein\gui.vromfs.bin_u\gui\options\internetradiooptions.blkx"
     Wrong filetype
"C:\Users\u\Desktop\frankenstein\gui.vromfs.bin_u\gui\options\navoptions.blk"
"C:\Users\u\Desktop\frankenstein\gui.vromfs.bin_u\gui\options\navoptionsback.blk"
"C:\Users\u\Desktop\frankenstein\gui.vromfs.bin_u\gui\options\navoptionsingame.blk"
"C:\Users\u\Desktop\frankenstein\gui.vromfs.bin_u\gui\options\navoptionsback.blkx"
     Wrong filetype
"C:\Users\u\Desktop\frankenstein\gui.vromfs.bin_u\gui\options\navoptionsingame.blkx"
     Wrong filetype
"C:\Users\u\Desktop\frankenstein\gui.vromfs.bin_u\gui\options\navoptions.blkx"
     Wrong filetype
"C:\Users\u\Desktop\frankenstein\gui.vromfs.bin_u\gui\options\socialoptions.blk"
"C:\Users\u\Desktop\frankenstein\gui.vromfs.bin_u\gui\options\socialoptions.blkx"
     Wrong filetype
"C:\Users\u\Desktop\frankenstein\gui.vromfs.bin_u\gui\options\systemoptions.blk"
"C:\Users\u\Desktop\frankenstein\gui.vromfs.bin_u\gui\options\systemoptions.blkx"
     Wrong filetype
"C:\Users\u\Desktop\frankenstein\gui.vromfs.bin_u\gui\options\voicechatoptions.blk"
"C:\Users\u\Desktop\frankenstein\gui.vromfs.bin_u\gui\options\voicechatoptions.blkx"
     Wrong filetype
"C:\Users\u\Desktop\frankenstein\gui.vromfs.bin_u\gui\popup\addradio.blk"
"C:\Users\u\Desktop\frankenstein\gui.vromfs.bin_u\gui\popup\addradio.blkx"
     Wrong filetype
"C:\Users\u\Desktop\frankenstein\gui.vromfs.bin_u\gui\popup\popup.blk"
"C:\Users\u\Desktop\frankenstein\gui.vromfs.bin_u\gui\popup\popupbutton.blk"
"C:\Users\u\Desktop\frankenstein\gui.vromfs.bin_u\gui\popup\popupbutton.blkx"
     Wrong filetype
"C:\Users\u\Desktop\frankenstein\gui.vromfs.bin_u\gui\popup\popup.blkx"
     Wrong filetype
"C:\Users\u\Desktop\frankenstein\gui.vromfs.bin_u\gui\profile\unlockitem.blk"
"C:\Users\u\Desktop\frankenstein\gui.vromfs.bin_u\gui\profile\unlockitemsimplified.blk"
"C:\Users\u\Desktop\frankenstein\gui.vromfs.bin_u\gui\profile\unlockitemsimplified.blkx"
     Wrong filetype
"C:\Users\u\Desktop\frankenstein\gui.vromfs.bin_u\gui\profile\unlockitem.blkx"
     Wrong filetype
"C:\Users\u\Desktop\frankenstein\gui.vromfs.bin_u\gui\queue\queueinfotooltip.blk"
"C:\Users\u\Desktop\frankenstein\gui.vromfs.bin_u\gui\queue\queueinfotooltip.blkx"
     Wrong filetype
"C:\Users\u\Desktop\frankenstein\gui.vromfs.bin_u\gui\queue\queuetable.blk"
"C:\Users\u\Desktop\frankenstein\gui.vromfs.bin_u\gui\queue\queuetable.blkx"
     Wrong filetype
"C:\Users\u\Desktop\frankenstein\gui.vromfs.bin_u\gui\queue\queuewaitingtimeblock.blk"
"C:\Users\u\Desktop\frankenstein\gui.vromfs.bin_u\gui\queue\queuewaitingtimeblock.blkx"
     Wrong filetype
"C:\Users\u\Desktop\frankenstein\gui.vromfs.bin_u\gui\shop\shop.blk"
"C:\Users\u\Desktop\frankenstein\gui.vromfs.bin_u\gui\shop\shopcheckresearch.blk"
"C:\Users\u\Desktop\frankenstein\gui.vromfs.bin_u\gui\shop\shopcheckresearch.blkx"
     Wrong filetype
"C:\Users\u\Desktop\frankenstein\gui.vromfs.bin_u\gui\shop\shopgroup.blk"
"C:\Users\u\Desktop\frankenstein\gui.vromfs.bin_u\gui\shop\shopgroup.blkx"
     Wrong filetype
"C:\Users\u\Desktop\frankenstein\gui.vromfs.bin_u\gui\shop\shopinclude.blk"
"C:\Users\u\Desktop\frankenstein\gui.vromfs.bin_u\gui\shop\shopinclude.blkx"
     Wrong filetype
"C:\Users\u\Desktop\frankenstein\gui.vromfs.bin_u\gui\shop\shopnav.blk"
"C:\Users\u\Desktop\frankenstein\gui.vromfs.bin_u\gui\shop\shopnav.blkx"
     Wrong filetype
"C:\Users\u\Desktop\frankenstein\gui.vromfs.bin_u\gui\shop\shoptakeaircraft.blk"
"C:\Users\u\Desktop\frankenstein\gui.vromfs.bin_u\gui\shop\shoptakeaircraft.blkx"
     Wrong filetype
"C:\Users\u\Desktop\frankenstein\gui.vromfs.bin_u\gui\shop\shop.blkx"
     Wrong filetype
"C:\Users\u\Desktop\frankenstein\gui.vromfs.bin_u\gui\slotbar\slotbarchooseaircraft.blkx"
     Wrong filetype
"C:\Users\u\Desktop\frankenstein\gui.vromfs.bin_u\gui\slotbar\slotbar.blk"
"C:\Users\u\Desktop\frankenstein\gui.vromfs.bin_u\gui\slotbar\slotbarchooseaircraft.blk"
"C:\Users\u\Desktop\frankenstein\gui.vromfs.bin_u\gui\slotbar\slotbarchoosepreset.blk"
"C:\Users\u\Desktop\frankenstein\gui.vromfs.bin_u\gui\slotbar\slotbaritem.blk"
"C:\Users\u\Desktop\frankenstein\gui.vromfs.bin_u\gui\slotbar\slotbarchoosepreset.blkx"
     Wrong filetype
"C:\Users\u\Desktop\frankenstein\gui.vromfs.bin_u\gui\slotbar\slotbaritem.blkx"
     Wrong filetype
"C:\Users\u\Desktop\frankenstein\gui.vromfs.bin_u\gui\slotbar\slotbar.blkx"
     Wrong filetype
"C:\Users\u\Desktop\frankenstein\gui.vromfs.bin_u\gui\squads\squadinvites.blk"
"C:\Users\u\Desktop\frankenstein\gui.vromfs.bin_u\gui\squads\squadinvites.blkx"
     Wrong filetype
"C:\Users\u\Desktop\frankenstein\gui.vromfs.bin_u\gui\statistics\stattableinclude.blk"
"C:\Users\u\Desktop\frankenstein\gui.vromfs.bin_u\gui\statistics\stattableinclude.blkx"
     Wrong filetype
"C:\Users\u\Desktop\frankenstein\gui.vromfs.bin_u\gui\tutorials\tutorwnd.blk"
"C:\Users\u\Desktop\frankenstein\gui.vromfs.bin_u\gui\tutorials\tutorwnd.blkx"
     Wrong filetype
"C:\Users\u\Desktop\frankenstein\gui.vromfs.bin_u\gui\unlocks\favoriteunlockslist.blk"
"C:\Users\u\Desktop\frankenstein\gui.vromfs.bin_u\gui\unlocks\favoriteunlockslist.blkx"
     Wrong filetype
"C:\Users\u\Desktop\frankenstein\gui.vromfs.bin_u\gui\unlocks\unlockblock.blk"
"C:\Users\u\Desktop\frankenstein\gui.vromfs.bin_u\gui\unlocks\unlockblock.blkx"
     Wrong filetype
"C:\Users\u\Desktop\frankenstein\gui.vromfs.bin_u\gui\weaponry\nextunititem.blk"
"C:\Users\u\Desktop\frankenstein\gui.vromfs.bin_u\gui\weaponry\nextunititem.blkx"
     Wrong filetype
"C:\Users\u\Desktop\frankenstein\gui.vromfs.bin_u\gui\weaponry\skipablemsgbox.blk"
"C:\Users\u\Desktop\frankenstein\gui.vromfs.bin_u\gui\weaponry\skipablemsgbox.blkx"
     Wrong filetype
"C:\Users\u\Desktop\frankenstein\gui.vromfs.bin_u\gui\weaponry\weaponbundletop.blk"
"C:\Users\u\Desktop\frankenstein\gui.vromfs.bin_u\gui\weaponry\weapons.blk"
"C:\Users\u\Desktop\frankenstein\gui.vromfs.bin_u\gui\weaponry\weapons.blkx"
     Wrong filetype
"C:\Users\u\Desktop\frankenstein\gui.vromfs.bin_u\gui\weaponry\weaponbundletop.blkx"
     Wrong filetype
"C:\Users\u\Desktop\frankenstein\gui.vromfs.bin_u\gui\wheelmenu\wheelmenu.blk"
"C:\Users\u\Desktop\frankenstein\gui.vromfs.bin_u\gui\wheelmenu\wheelmenu.blkx"
     Wrong filetype
"C:\Users\u\Desktop\frankenstein\gui.vromfs.bin_u\gui\wndlib\infownd.blk"
"C:\Users\u\Desktop\frankenstein\gui.vromfs.bin_u\gui\wndlib\infownd.blkx"
     Wrong filetype
"C:\Users\u\Desktop\frankenstein\gui.vromfs.bin_u\gui\worldwar\worldwarmap.blk"
"C:\Users\u\Desktop\frankenstein\gui.vromfs.bin_u\gui\worldwar\worldwarmapgcbottom.blk"
"C:\Users\u\Desktop\frankenstein\gui.vromfs.bin_u\gui\worldwar\worldwaroperationloginfo.blk"
"C:\Users\u\Desktop\frankenstein\gui.vromfs.bin_u\gui\worldwar\worldwarmapgcbottom.blkx"
     Wrong filetype
"C:\Users\u\Desktop\frankenstein\gui.vromfs.bin_u\gui\worldwar\worldwaroperationloginfo.blkx"
     Wrong filetype
"C:\Users\u\Desktop\frankenstein\gui.vromfs.bin_u\gui\worldwar\worldwarmap.blkx"
     Wrong filetype
"C:\Users\u\Desktop\frankenstein\gui.vromfs.bin_u\gui\worldwar\wwoperationdescription.blk"
"C:\Users\u\Desktop\frankenstein\gui.vromfs.bin_u\gui\worldwar\wwoperationslistmodal.blk"
"C:\Users\u\Desktop\frankenstein\gui.vromfs.bin_u\gui\worldwar\wwoperationsmaps.blk"
"C:\Users\u\Desktop\frankenstein\gui.vromfs.bin_u\gui\worldwar\wwoperationslistmodal.blkx"
     Wrong filetype
"C:\Users\u\Desktop\frankenstein\gui.vromfs.bin_u\gui\worldwar\wwoperationsmaps.blkx"
     Wrong filetype
"C:\Users\u\Desktop\frankenstein\gui.vromfs.bin_u\gui\worldwar\wwoperationdescription.blkx"
     Wrong filetype
"C:\Users\u\Desktop\frankenstein\gui.vromfs.bin_u\reactivegui\darg_config.blk"
"C:\Users\u\Desktop\frankenstein\gui.vromfs.bin_u\reactivegui\darg_config.blkx"
     Wrong filetype
"---------------------------------------------------------------"
"C:\Users\u\Desktop\frankenstein\gui.vromfs.bin_u\gui\airtooltip.blkxx"
"C:\Users\u\Desktop\frankenstein\gui.vromfs.bin_u\gui\artillerymap.blkxx"
"C:\Users\u\Desktop\frankenstein\gui.vromfs.bin_u\gui\backselect.blkxx"
"C:\Users\u\Desktop\frankenstein\gui.vromfs.bin_u\gui\backselectbacknav.blkxx"
"C:\Users\u\Desktop\frankenstein\gui.vromfs.bin_u\gui\backselectnav.blkxx"
"C:\Users\u\Desktop\frankenstein\gui.vromfs.bin_u\gui\backselectnavca.blkxx"
"C:\Users\u\Desktop\frankenstein\gui.vromfs.bin_u\gui\backselectnavchapter.blkxx"
"C:\Users\u\Desktop\frankenstein\gui.vromfs.bin_u\gui\benchmark.blkxx"
"C:\Users\u\Desktop\frankenstein\gui.vromfs.bin_u\gui\briefing.blkxx"
"C:\Users\u\Desktop\frankenstein\gui.vromfs.bin_u\gui\browser.blkxx"
"C:\Users\u\Desktop\frankenstein\gui.vromfs.bin_u\gui\chapter.blkxx"
"C:\Users\u\Desktop\frankenstein\gui.vromfs.bin_u\gui\chaptermodal.blkxx"
"C:\Users\u\Desktop\frankenstein\gui.vromfs.bin_u\gui\chapter_include.blkxx"
"C:\Users\u\Desktop\frankenstein\gui.vromfs.bin_u\gui\chapter_include_filter.blkxx"
"C:\Users\u\Desktop\frankenstein\gui.vromfs.bin_u\gui\commentmodal.blkxx"
"C:\Users\u\Desktop\frankenstein\gui.vromfs.bin_u\gui\complain.blkxx"
"C:\Users\u\Desktop\frankenstein\gui.vromfs.bin_u\gui\controls.blkxx"
"C:\Users\u\Desktop\frankenstein\gui.vromfs.bin_u\gui\controlsconsole.blkxx"
"C:\Users\u\Desktop\frankenstein\gui.vromfs.bin_u\gui\controlshelp.blkxx"
"C:\Users\u\Desktop\frankenstein\gui.vromfs.bin_u\gui\controlsinput.blkxx"
"C:\Users\u\Desktop\frankenstein\gui.vromfs.bin_u\gui\controlswizard.blkxx"
"C:\Users\u\Desktop\frankenstein\gui.vromfs.bin_u\gui\controltypechoice.blkxx"
"C:\Users\u\Desktop\frankenstein\gui.vromfs.bin_u\gui\countryexpitem.blkxx"
"C:\Users\u\Desktop\frankenstein\gui.vromfs.bin_u\gui\credits.blkxx"
"C:\Users\u\Desktop\frankenstein\gui.vromfs.bin_u\gui\cursor.blkxx"
"C:\Users\u\Desktop\frankenstein\gui.vromfs.bin_u\gui\customization.blkxx"
"C:\Users\u\Desktop\frankenstein\gui.vromfs.bin_u\gui\debriefingcamp.blkxx"
"C:\Users\u\Desktop\frankenstein\gui.vromfs.bin_u\gui\debugframe.blkxx"
"C:\Users\u\Desktop\frankenstein\gui.vromfs.bin_u\gui\decaltooltip.blkxx"
"C:\Users\u\Desktop\frankenstein\gui.vromfs.bin_u\gui\demooutro.blkxx"
"C:\Users\u\Desktop\frankenstein\gui.vromfs.bin_u\gui\dynamicsummary.blkxx"
"C:\Users\u\Desktop\frankenstein\gui.vromfs.bin_u\gui\dynamicsummarynav.blkxx"
"C:\Users\u\Desktop\frankenstein\gui.vromfs.bin_u\gui\editboxwindow.blkxx"
"C:\Users\u\Desktop\frankenstein\gui.vromfs.bin_u\gui\emptyframe.blkxx"
"C:\Users\u\Desktop\frankenstein\gui.vromfs.bin_u\gui\emptyscenewithgamercard.blkxx"
"C:\Users\u\Desktop\frankenstein\gui.vromfs.bin_u\gui\emptyscreen.blkxx"
"C:\Users\u\Desktop\frankenstein\gui.vromfs.bin_u\gui\encyclopedia.blkxx"
"C:\Users\u\Desktop\frankenstein\gui.vromfs.bin_u\gui\eulaframe.blkxx"
"C:\Users\u\Desktop\frankenstein\gui.vromfs.bin_u\gui\facebookmsgwindow.blkxx"
"C:\Users\u\Desktop\frankenstein\gui.vromfs.bin_u\gui\flightmenu.blkxx"
"C:\Users\u\Desktop\frankenstein\gui.vromfs.bin_u\gui\frameheaderrefresh.blkxx"
"C:\Users\u\Desktop\frankenstein\gui.vromfs.bin_u\gui\gamepad.blkxx"
"C:\Users\u\Desktop\frankenstein\gui.vromfs.bin_u\gui\gamercardbottompanel.blkxx"
"C:\Users\u\Desktop\frankenstein\gui.vromfs.bin_u\gui\gamercarddrawer.blkxx"
"C:\Users\u\Desktop\frankenstein\gui.vromfs.bin_u\gui\gamercardtoppanel.blkxx"
"C:\Users\u\Desktop\frankenstein\gui.vromfs.bin_u\gui\infoboxwindow.blkxx"
"C:\Users\u\Desktop\frankenstein\gui.vromfs.bin_u\gui\joystickaxisinput.blkxx"
"C:\Users\u\Desktop\frankenstein\gui.vromfs.bin_u\gui\joysticksetup.blkxx"
"C:\Users\u\Desktop\frankenstein\gui.vromfs.bin_u\gui\leaderboard.blkxx"
"C:\Users\u\Desktop\frankenstein\gui.vromfs.bin_u\gui\loading.blkxx"
"C:\Users\u\Desktop\frankenstein\gui.vromfs.bin_u\gui\loadingcamp.blkxx"
"C:\Users\u\Desktop\frankenstein\gui.vromfs.bin_u\gui\loadingnav.blkxx"
"C:\Users\u\Desktop\frankenstein\gui.vromfs.bin_u\gui\loginbox.blkxx"
"C:\Users\u\Desktop\frankenstein\gui.vromfs.bin_u\gui\loginboxsimple.blkxx"
"C:\Users\u\Desktop\frankenstein\gui.vromfs.bin_u\gui\medaltooltip.blkxx"
"C:\Users\u\Desktop\frankenstein\gui.vromfs.bin_u\gui\missiondescr.blkxx"
"C:\Users\u\Desktop\frankenstein\gui.vromfs.bin_u\gui\modalscenewithgamercard.blkxx"
"C:\Users\u\Desktop\frankenstein\gui.vromfs.bin_u\gui\modalscenewithoutgamercard.blkxx"
"C:\Users\u\Desktop\frankenstein\gui.vromfs.bin_u\gui\movetoobj.blkxx"
"C:\Users\u\Desktop\frankenstein\gui.vromfs.bin_u\gui\mpstatistics.blkxx"
"C:\Users\u\Desktop\frankenstein\gui.vromfs.bin_u\gui\msgbox.blkxx"
"C:\Users\u\Desktop\frankenstein\gui.vromfs.bin_u\gui\multiplepurchase.blkxx"
"C:\Users\u\Desktop\frankenstein\gui.vromfs.bin_u\gui\navapply.blkxx"
"C:\Users\u\Desktop\frankenstein\gui.vromfs.bin_u\gui\navback.blkxx"
"C:\Users\u\Desktop\frankenstein\gui.vromfs.bin_u\gui\navbackhint.blkxx"
"C:\Users\u\Desktop\frankenstein\gui.vromfs.bin_u\gui\navbriefing.blkxx"
"C:\Users\u\Desktop\frankenstein\gui.vromfs.bin_u\gui\navbuilderoptions.blkxx"
"C:\Users\u\Desktop\frankenstein\gui.vromfs.bin_u\gui\navdebriefing.blkxx"
"C:\Users\u\Desktop\frankenstein\gui.vromfs.bin_u\gui\navhelphangar.blkxx"
"C:\Users\u\Desktop\frankenstein\gui.vromfs.bin_u\gui\navmpstat.blkxx"
"C:\Users\u\Desktop\frankenstein\gui.vromfs.bin_u\gui\navonlineshop.blkxx"
"C:\Users\u\Desktop\frankenstein\gui.vromfs.bin_u\gui\navreplays.blkxx"
"C:\Users\u\Desktop\frankenstein\gui.vromfs.bin_u\gui\navrespawn.blkxx"
"C:\Users\u\Desktop\frankenstein\gui.vromfs.bin_u\gui\navselect.blkxx"
"C:\Users\u\Desktop\frankenstein\gui.vromfs.bin_u\gui\navsessionslist.blkxx"
"C:\Users\u\Desktop\frankenstein\gui.vromfs.bin_u\gui\navtestflight.blkxx"
"C:\Users\u\Desktop\frankenstein\gui.vromfs.bin_u\gui\nextmodificationchoice.blkxx"
"C:\Users\u\Desktop\frankenstein\gui.vromfs.bin_u\gui\nexttutorial.blkxx"
"C:\Users\u\Desktop\frankenstein\gui.vromfs.bin_u\gui\optioninfobox.blkxx"
"C:\Users\u\Desktop\frankenstein\gui.vromfs.bin_u\gui\payment.blkxx"
"C:\Users\u\Desktop\frankenstein\gui.vromfs.bin_u\gui\paymentitem.blkxx"
"C:\Users\u\Desktop\frankenstein\gui.vromfs.bin_u\gui\postfxsettings.blkxx"
"C:\Users\u\Desktop\frankenstein\gui.vromfs.bin_u\gui\profile.blkxx"
"C:\Users\u\Desktop\frankenstein\gui.vromfs.bin_u\gui\profileinfo.blkxx"
"C:\Users\u\Desktop\frankenstein\gui.vromfs.bin_u\gui\profilestatsinfo.blkxx"
"C:\Users\u\Desktop\frankenstein\gui.vromfs.bin_u\gui\quitselect.blkxx"
"C:\Users\u\Desktop\frankenstein\gui.vromfs.bin_u\gui\rankupwindow.blkxx"
"C:\Users\u\Desktop\frankenstein\gui.vromfs.bin_u\gui\researchedmodifications.blkxx"
"C:\Users\u\Desktop\frankenstein\gui.vromfs.bin_u\gui\respawn.blkxx"
"C:\Users\u\Desktop\frankenstein\gui.vromfs.bin_u\gui\rootscreen.blkxx"
"C:\Users\u\Desktop\frankenstein\gui.vromfs.bin_u\gui\sessionslist.blkxx"
"C:\Users\u\Desktop\frankenstein\gui.vromfs.bin_u\gui\showimage.blkxx"
"C:\Users\u\Desktop\frankenstein\gui.vromfs.bin_u\gui\showunlock.blkxx"
"C:\Users\u\Desktop\frankenstein\gui.vromfs.bin_u\gui\showunlocktakeairnavbar.blkxx"
"C:\Users\u\Desktop\frankenstein\gui.vromfs.bin_u\gui\slotinfopanel.blkxx"
"C:\Users\u\Desktop\frankenstein\gui.vromfs.bin_u\gui\spectator.blkxx"
"C:\Users\u\Desktop\frankenstein\gui.vromfs.bin_u\gui\startscreen.blkxx"
"C:\Users\u\Desktop\frankenstein\gui.vromfs.bin_u\gui\startscreentitle.blkxx"
"C:\Users\u\Desktop\frankenstein\gui.vromfs.bin_u\gui\stubmenuitems.blkxx"
"C:\Users\u\Desktop\frankenstein\gui.vromfs.bin_u\gui\tacticalmap.blkxx"
"C:\Users\u\Desktop\frankenstein\gui.vromfs.bin_u\gui\ugmmissions.blkxx"
"C:\Users\u\Desktop\frankenstein\gui.vromfs.bin_u\gui\usercard.blkxx"
"C:\Users\u\Desktop\frankenstein\gui.vromfs.bin_u\gui\userlog.blkxx"
"C:\Users\u\Desktop\frankenstein\gui.vromfs.bin_u\gui\userlogrow.blkxx"
"C:\Users\u\Desktop\frankenstein\gui.vromfs.bin_u\gui\waitbox.blkxx"
"C:\Users\u\Desktop\frankenstein\gui.vromfs.bin_u\gui\actionslist\actionslistblock.blkxx"
"C:\Users\u\Desktop\frankenstein\gui.vromfs.bin_u\gui\airinfo\airinfopanel.blkxx"
"C:\Users\u\Desktop\frankenstein\gui.vromfs.bin_u\gui\airinfo\rankversusinfo.blkxx"
"C:\Users\u\Desktop\frankenstein\gui.vromfs.bin_u\gui\chat\chatthreadslist.blkxx"
"C:\Users\u\Desktop\frankenstein\gui.vromfs.bin_u\gui\chat\createchatroom.blkxx"
"C:\Users\u\Desktop\frankenstein\gui.vromfs.bin_u\gui\chat\customchat.blkxx"
"C:\Users\u\Desktop\frankenstein\gui.vromfs.bin_u\gui\chat\gamechat.blkxx"
"C:\Users\u\Desktop\frankenstein\gui.vromfs.bin_u\gui\chat\gamechatrespawn.blkxx"
"C:\Users\u\Desktop\frankenstein\gui.vromfs.bin_u\gui\chat\gamechatspectator.blkxx"
"C:\Users\u\Desktop\frankenstein\gui.vromfs.bin_u\gui\chat\inviteswnd.blkxx"
"C:\Users\u\Desktop\frankenstein\gui.vromfs.bin_u\gui\chat\menuchat.blkxx"
"C:\Users\u\Desktop\frankenstein\gui.vromfs.bin_u\gui\chat\modifythreadwnd.blkxx"
"C:\Users\u\Desktop\frankenstein\gui.vromfs.bin_u\gui\chooseimage\chooseimage.blkxx"
"C:\Users\u\Desktop\frankenstein\gui.vromfs.bin_u\gui\clans\clanactivitymodal.blkxx"
"C:\Users\u\Desktop\frankenstein\gui.vromfs.bin_u\gui\clans\clanactivitypage.blkxx"
"C:\Users\u\Desktop\frankenstein\gui.vromfs.bin_u\gui\clans\clanchangemembershipreqwnd.blkxx"
"C:\Users\u\Desktop\frankenstein\gui.vromfs.bin_u\gui\clans\clanchangerolewindow.blkxx"
"C:\Users\u\Desktop\frankenstein\gui.vromfs.bin_u\gui\clans\clanlogmodal.blkxx"
"C:\Users\u\Desktop\frankenstein\gui.vromfs.bin_u\gui\clans\clanmodifywindow.blkxx"
"C:\Users\u\Desktop\frankenstein\gui.vromfs.bin_u\gui\clans\clanpage.blkxx"
"C:\Users\u\Desktop\frankenstein\gui.vromfs.bin_u\gui\clans\clanpagemodal.blkxx"
"C:\Users\u\Desktop\frankenstein\gui.vromfs.bin_u\gui\clans\clanpagemodalhelp.blkxx"
"C:\Users\u\Desktop\frankenstein\gui.vromfs.bin_u\gui\clans\clanrequests.blkxx"
"C:\Users\u\Desktop\frankenstein\gui.vromfs.bin_u\gui\clans\clanseasoninfomodal.blkxx"
"C:\Users\u\Desktop\frankenstein\gui.vromfs.bin_u\gui\clans\clansmodal.blkxx"
"C:\Users\u\Desktop\frankenstein\gui.vromfs.bin_u\gui\clans\clansmodalhandlerlisthelp.blkxx"
"C:\Users\u\Desktop\frankenstein\gui.vromfs.bin_u\gui\contacts\contacts.blkxx"
"C:\Users\u\Desktop\frankenstein\gui.vromfs.bin_u\gui\controls\gamepadcursorcontrolssplash.blkxx"
"C:\Users\u\Desktop\frankenstein\gui.vromfs.bin_u\gui\convertexp\convertexp.blkxx"
"C:\Users\u\Desktop\frankenstein\gui.vromfs.bin_u\gui\crew\crew.blkxx"
"C:\Users\u\Desktop\frankenstein\gui.vromfs.bin_u\gui\debriefing\awardicon.blkxx"
"C:\Users\u\Desktop\frankenstein\gui.vromfs.bin_u\gui\debriefing\debriefing.blkxx"
"C:\Users\u\Desktop\frankenstein\gui.vromfs.bin_u\gui\debriefing\debriefingnavbar.blkxx"
"C:\Users\u\Desktop\frankenstein\gui.vromfs.bin_u\gui\debriefing\statrow.blkxx"
"C:\Users\u\Desktop\frankenstein\gui.vromfs.bin_u\gui\debriefing\tabawardslist.blkxx"
"C:\Users\u\Desktop\frankenstein\gui.vromfs.bin_u\gui\debriefing\tabbattlelog.blkxx"
"C:\Users\u\Desktop\frankenstein\gui.vromfs.bin_u\gui\debriefing\tabchathistory.blkxx"
"C:\Users\u\Desktop\frankenstein\gui.vromfs.bin_u\gui\debriefing\tabmptable.blkxx"
"C:\Users\u\Desktop\frankenstein\gui.vromfs.bin_u\gui\debriefing\tabmystats.blkxx"
"C:\Users\u\Desktop\frankenstein\gui.vromfs.bin_u\gui\debriefing\tabwwcasualties.blkxx"
"C:\Users\u\Desktop\frankenstein\gui.vromfs.bin_u\gui\events\airruleitem.blkxx"
"C:\Users\u\Desktop\frankenstein\gui.vromfs.bin_u\gui\events\eventqueue.blkxx"
"C:\Users\u\Desktop\frankenstein\gui.vromfs.bin_u\gui\events\eventqueuebycountries.blkxx"
"C:\Users\u\Desktop\frankenstein\gui.vromfs.bin_u\gui\events\eventsmodal.blkxx"
"C:\Users\u\Desktop\frankenstein\gui.vromfs.bin_u\gui\events\queuebox.blkxx"
"C:\Users\u\Desktop\frankenstein\gui.vromfs.bin_u\gui\filedialog\filedialog.blkxx"
"C:\Users\u\Desktop\frankenstein\gui.vromfs.bin_u\gui\firstchoice\countrychoice.blkxx"
"C:\Users\u\Desktop\frankenstein\gui.vromfs.bin_u\gui\help\controllerdualshock.blkxx"
"C:\Users\u\Desktop\frankenstein\gui.vromfs.bin_u\gui\help\controllerkeyboard.blkxx"
"C:\Users\u\Desktop\frankenstein\gui.vromfs.bin_u\gui\help\controllerxbox.blkxx"
"C:\Users\u\Desktop\frankenstein\gui.vromfs.bin_u\gui\help\controlsaircraft.blkxx"
"C:\Users\u\Desktop\frankenstein\gui.vromfs.bin_u\gui\help\controlshelicopter.blkxx"
"C:\Users\u\Desktop\frankenstein\gui.vromfs.bin_u\gui\help\controlsship.blkxx"
"C:\Users\u\Desktop\frankenstein\gui.vromfs.bin_u\gui\help\controlstank.blkxx"
"C:\Users\u\Desktop\frankenstein\gui.vromfs.bin_u\gui\help\helpwnd.blkxx"
"C:\Users\u\Desktop\frankenstein\gui.vromfs.bin_u\gui\help\internalhelp.blkxx"
"C:\Users\u\Desktop\frankenstein\gui.vromfs.bin_u\gui\help\missionairdomination.blkxx"
"C:\Users\u\Desktop\frankenstein\gui.vromfs.bin_u\gui\help\missionairfieldcapture.blkxx"
"C:\Users\u\Desktop\frankenstein\gui.vromfs.bin_u\gui\help\missiongroundcapture.blkxx"
"C:\Users\u\Desktop\frankenstein\gui.vromfs.bin_u\gui\help\missiongroundstrike.blkxx"
"C:\Users\u\Desktop\frankenstein\gui.vromfs.bin_u\gui\help\missiongroundstrikecomplete.blkxx"
"C:\Users\u\Desktop\frankenstein\gui.vromfs.bin_u\gui\hud\hud.blkxx"
"C:\Users\u\Desktop\frankenstein\gui.vromfs.bin_u\gui\hud\hudair.blkxx"
"C:\Users\u\Desktop\frankenstein\gui.vromfs.bin_u\gui\hud\hudbase.blkxx"
"C:\Users\u\Desktop\frankenstein\gui.vromfs.bin_u\gui\hud\hudcutscene.blkxx"
"C:\Users\u\Desktop\frankenstein\gui.vromfs.bin_u\gui\hud\hudenemydebuffsship.blkxx"
"C:\Users\u\Desktop\frankenstein\gui.vromfs.bin_u\gui\hud\hudenemydebuffstank.blkxx"
"C:\Users\u\Desktop\frankenstein\gui.vromfs.bin_u\gui\hud\hudhelicopter.blkxx"
"C:\Users\u\Desktop\frankenstein\gui.vromfs.bin_u\gui\hud\hudship.blkxx"
"C:\Users\u\Desktop\frankenstein\gui.vromfs.bin_u\gui\hud\hudtank.blkxx"
"C:\Users\u\Desktop\frankenstein\gui.vromfs.bin_u\gui\hud\hudtouchair.blkxx"
"C:\Users\u\Desktop\frankenstein\gui.vromfs.bin_u\gui\hud\hudtouchbase.blkxx"
"C:\Users\u\Desktop\frankenstein\gui.vromfs.bin_u\gui\hud\hudtouchtank.blkxx"
"C:\Users\u\Desktop\frankenstein\gui.vromfs.bin_u\gui\hud\streaks.blkxx"
"C:\Users\u\Desktop\frankenstein\gui.vromfs.bin_u\gui\items\everydayloginaward.blkxx"
"C:\Users\u\Desktop\frankenstein\gui.vromfs.bin_u\gui\items\itemdesc.blkxx"
"C:\Users\u\Desktop\frankenstein\gui.vromfs.bin_u\gui\items\itemsshop.blkxx"
"C:\Users\u\Desktop\frankenstein\gui.vromfs.bin_u\gui\items\itemtooltip.blkxx"
"C:\Users\u\Desktop\frankenstein\gui.vromfs.bin_u\gui\items\trophyreward.blkxx"
"C:\Users\u\Desktop\frankenstein\gui.vromfs.bin_u\gui\items\trophyrewardslist.blkxx"
"C:\Users\u\Desktop\frankenstein\gui.vromfs.bin_u\gui\loading\loadinghangar.blkxx"
"C:\Users\u\Desktop\frankenstein\gui.vromfs.bin_u\gui\login\updatermodal.blkxx"
"C:\Users\u\Desktop\frankenstein\gui.vromfs.bin_u\gui\login\waitforloginwnd.blkxx"
"C:\Users\u\Desktop\frankenstein\gui.vromfs.bin_u\gui\mainmenu\instantaction.blkxx"
"C:\Users\u\Desktop\frankenstein\gui.vromfs.bin_u\gui\mainmenu\instantactionhelp.blkxx"
"C:\Users\u\Desktop\frankenstein\gui.vromfs.bin_u\gui\mainmenu\topmenu.blkxx"
"C:\Users\u\Desktop\frankenstein\gui.vromfs.bin_u\gui\mainmenu\topmenuscene.blkxx"
"C:\Users\u\Desktop\frankenstein\gui.vromfs.bin_u\gui\missions\choosemissionslistwnd.blkxx"
"C:\Users\u\Desktop\frankenstein\gui.vromfs.bin_u\gui\missions\misobjective.blkxx"
"C:\Users\u\Desktop\frankenstein\gui.vromfs.bin_u\gui\missions\misobjectiveright.blkxx"
"C:\Users\u\Desktop\frankenstein\gui.vromfs.bin_u\gui\missions\modifyurlmission.blkxx"
"C:\Users\u\Desktop\frankenstein\gui.vromfs.bin_u\gui\mplobby\mplobby.blkxx"
"C:\Users\u\Desktop\frankenstein\gui.vromfs.bin_u\gui\options\framedoptionswnd.blkxx"
"C:\Users\u\Desktop\frankenstein\gui.vromfs.bin_u\gui\options\genericoptions.blkxx"
"C:\Users\u\Desktop\frankenstein\gui.vromfs.bin_u\gui\options\genericoptionsmap.blkxx"
"C:\Users\u\Desktop\frankenstein\gui.vromfs.bin_u\gui\options\genericoptionsmodal.blkxx"
"C:\Users\u\Desktop\frankenstein\gui.vromfs.bin_u\gui\options\internetradiooptions.blkxx"
"C:\Users\u\Desktop\frankenstein\gui.vromfs.bin_u\gui\options\navoptions.blkxx"
"C:\Users\u\Desktop\frankenstein\gui.vromfs.bin_u\gui\options\navoptionsback.blkxx"
"C:\Users\u\Desktop\frankenstein\gui.vromfs.bin_u\gui\options\navoptionsingame.blkxx"
"C:\Users\u\Desktop\frankenstein\gui.vromfs.bin_u\gui\options\socialoptions.blkxx"
"C:\Users\u\Desktop\frankenstein\gui.vromfs.bin_u\gui\options\systemoptions.blkxx"
"C:\Users\u\Desktop\frankenstein\gui.vromfs.bin_u\gui\options\voicechatoptions.blkxx"
"C:\Users\u\Desktop\frankenstein\gui.vromfs.bin_u\gui\popup\addradio.blkxx"
"C:\Users\u\Desktop\frankenstein\gui.vromfs.bin_u\gui\popup\popup.blkxx"
"C:\Users\u\Desktop\frankenstein\gui.vromfs.bin_u\gui\popup\popupbutton.blkxx"
"C:\Users\u\Desktop\frankenstein\gui.vromfs.bin_u\gui\profile\unlockitem.blkxx"
"C:\Users\u\Desktop\frankenstein\gui.vromfs.bin_u\gui\profile\unlockitemsimplified.blkxx"
"C:\Users\u\Desktop\frankenstein\gui.vromfs.bin_u\gui\queue\queueinfotooltip.blkxx"
"C:\Users\u\Desktop\frankenstein\gui.vromfs.bin_u\gui\queue\queuetable.blkxx"
"C:\Users\u\Desktop\frankenstein\gui.vromfs.bin_u\gui\queue\queuewaitingtimeblock.blkxx"
"C:\Users\u\Desktop\frankenstein\gui.vromfs.bin_u\gui\shop\shop.blkxx"
"C:\Users\u\Desktop\frankenstein\gui.vromfs.bin_u\gui\shop\shopcheckresearch.blkxx"
"C:\Users\u\Desktop\frankenstein\gui.vromfs.bin_u\gui\shop\shopgroup.blkxx"
"C:\Users\u\Desktop\frankenstein\gui.vromfs.bin_u\gui\shop\shopinclude.blkxx"
"C:\Users\u\Desktop\frankenstein\gui.vromfs.bin_u\gui\shop\shopnav.blkxx"
"C:\Users\u\Desktop\frankenstein\gui.vromfs.bin_u\gui\shop\shoptakeaircraft.blkxx"
"C:\Users\u\Desktop\frankenstein\gui.vromfs.bin_u\gui\slotbar\slotbar.blkxx"
"C:\Users\u\Desktop\frankenstein\gui.vromfs.bin_u\gui\slotbar\slotbarchooseaircraft.blkxx"
"C:\Users\u\Desktop\frankenstein\gui.vromfs.bin_u\gui\slotbar\slotbarchoosepreset.blkxx"
"C:\Users\u\Desktop\frankenstein\gui.vromfs.bin_u\gui\slotbar\slotbaritem.blkxx"
"C:\Users\u\Desktop\frankenstein\gui.vromfs.bin_u\gui\squads\squadinvites.blkxx"
"C:\Users\u\Desktop\frankenstein\gui.vromfs.bin_u\gui\statistics\stattableinclude.blkxx"
"C:\Users\u\Desktop\frankenstein\gui.vromfs.bin_u\gui\tutorials\tutorwnd.blkxx"
"C:\Users\u\Desktop\frankenstein\gui.vromfs.bin_u\gui\unlocks\favoriteunlockslist.blkxx"
"C:\Users\u\Desktop\frankenstein\gui.vromfs.bin_u\gui\unlocks\unlockblock.blkxx"
"C:\Users\u\Desktop\frankenstein\gui.vromfs.bin_u\gui\weaponry\nextunititem.blkxx"
"C:\Users\u\Desktop\frankenstein\gui.vromfs.bin_u\gui\weaponry\skipablemsgbox.blkxx"
"C:\Users\u\Desktop\frankenstein\gui.vromfs.bin_u\gui\weaponry\weaponbundletop.blkxx"
"C:\Users\u\Desktop\frankenstein\gui.vromfs.bin_u\gui\weaponry\weapons.blkxx"
"C:\Users\u\Desktop\frankenstein\gui.vromfs.bin_u\gui\wheelmenu\wheelmenu.blkxx"
"C:\Users\u\Desktop\frankenstein\gui.vromfs.bin_u\gui\wndlib\infownd.blkxx"
"C:\Users\u\Desktop\frankenstein\gui.vromfs.bin_u\gui\worldwar\worldwarmap.blkxx"
"C:\Users\u\Desktop\frankenstein\gui.vromfs.bin_u\gui\worldwar\worldwarmapgcbottom.blkxx"
"C:\Users\u\Desktop\frankenstein\gui.vromfs.bin_u\gui\worldwar\worldwaroperationloginfo.blkxx"
"C:\Users\u\Desktop\frankenstein\gui.vromfs.bin_u\gui\worldwar\wwoperationdescription.blkxx"
"C:\Users\u\Desktop\frankenstein\gui.vromfs.bin_u\gui\worldwar\wwoperationslistmodal.blkxx"
"C:\Users\u\Desktop\frankenstein\gui.vromfs.bin_u\gui\worldwar\wwoperationsmaps.blkxx"
"C:\Users\u\Desktop\frankenstein\gui.vromfs.bin_u\reactivegui\darg_config.blkxx"
GUI_UNPACKED
