"C:\Users\u\Desktop\frankenstein\wwdata.vromfs.bin_u\worldwar\worldwar.blk"
"C:\Users\u\Desktop\frankenstein\wwdata.vromfs.bin_u\worldwar\maps\1v1_test_wwmap.blk"
"C:\Users\u\Desktop\frankenstein\wwdata.vromfs.bin_u\worldwar\maps\1v1_test_wwmap_initdata.blk"
"C:\Users\u\Desktop\frankenstein\wwdata.vromfs.bin_u\worldwar\maps\1v1_test_wwmap_operation.blk"
"C:\Users\u\Desktop\frankenstein\wwdata.vromfs.bin_u\worldwar\maps\1v1_test_wwmap.blkx"
     Wrong filetype
"C:\Users\u\Desktop\frankenstein\wwdata.vromfs.bin_u\worldwar\maps\ardenn_wwmap.blk"
"C:\Users\u\Desktop\frankenstein\wwdata.vromfs.bin_u\worldwar\maps\ardenn_wwmap_initdata.blk"
"C:\Users\u\Desktop\frankenstein\wwdata.vromfs.bin_u\worldwar\maps\ardenn_wwmap_operation.blk"
"C:\Users\u\Desktop\frankenstein\wwdata.vromfs.bin_u\worldwar\maps\berlin_wwmap.blk"
"C:\Users\u\Desktop\frankenstein\wwdata.vromfs.bin_u\worldwar\maps\berlin_wwmap_initdata.blk"
"C:\Users\u\Desktop\frankenstein\wwdata.vromfs.bin_u\worldwar\maps\berlin_wwmap_operation.blk"
"C:\Users\u\Desktop\frankenstein\wwdata.vromfs.bin_u\worldwar\maps\caen_wwmap.blk"
"C:\Users\u\Desktop\frankenstein\wwdata.vromfs.bin_u\worldwar\maps\caen_wwmap_initdata.blk"
"C:\Users\u\Desktop\frankenstein\wwdata.vromfs.bin_u\worldwar\maps\caen_wwmap_operation.blk"
"C:\Users\u\Desktop\frankenstein\wwdata.vromfs.bin_u\worldwar\maps\el_alamein_wwmap.blk"
"C:\Users\u\Desktop\frankenstein\wwdata.vromfs.bin_u\worldwar\maps\el_alamein_wwmap_initdata.blk"
"C:\Users\u\Desktop\frankenstein\wwdata.vromfs.bin_u\worldwar\maps\el_alamein_wwmap_operation.blk"
"C:\Users\u\Desktop\frankenstein\wwdata.vromfs.bin_u\worldwar\maps\kursk_south_wwmap.blk"
"C:\Users\u\Desktop\frankenstein\wwdata.vromfs.bin_u\worldwar\maps\kursk_south_wwmap_initdata.blk"
"C:\Users\u\Desktop\frankenstein\wwdata.vromfs.bin_u\worldwar\maps\kursk_south_wwmap_operation.blk"
"C:\Users\u\Desktop\frankenstein\wwdata.vromfs.bin_u\worldwar\maps\luzon1941_wwmap.blk"
"C:\Users\u\Desktop\frankenstein\wwdata.vromfs.bin_u\worldwar\maps\luzon1941_wwmap_initdata.blk"
"C:\Users\u\Desktop\frankenstein\wwdata.vromfs.bin_u\worldwar\maps\luzon1941_wwmap_operation.blk"
"C:\Users\u\Desktop\frankenstein\wwdata.vromfs.bin_u\worldwar\maps\minsk_bagration_wwmap.blk"
"C:\Users\u\Desktop\frankenstein\wwdata.vromfs.bin_u\worldwar\maps\minsk_bagration_wwmap_initdata.blk"
"C:\Users\u\Desktop\frankenstein\wwdata.vromfs.bin_u\worldwar\maps\minsk_bagration_wwmap_operation.blk"
"C:\Users\u\Desktop\frankenstein\wwdata.vromfs.bin_u\worldwar\maps\moscow_wwmap.blk"
"C:\Users\u\Desktop\frankenstein\wwdata.vromfs.bin_u\worldwar\maps\moscow_wwmap_initdata.blk"
"C:\Users\u\Desktop\frankenstein\wwdata.vromfs.bin_u\worldwar\maps\moscow_wwmap_operation.blk"
"C:\Users\u\Desktop\frankenstein\wwdata.vromfs.bin_u\worldwar\maps\nimwegen_market_wwmap.blk"
"C:\Users\u\Desktop\frankenstein\wwdata.vromfs.bin_u\worldwar\maps\nimwegen_market_wwmap_initdata.blk"
"C:\Users\u\Desktop\frankenstein\wwdata.vromfs.bin_u\worldwar\maps\nimwegen_market_wwmap_operation.blk"
"C:\Users\u\Desktop\frankenstein\wwdata.vromfs.bin_u\worldwar\maps\nordwind_wwmap.blk"
"C:\Users\u\Desktop\frankenstein\wwdata.vromfs.bin_u\worldwar\maps\nordwind_wwmap_initdata.blk"
"C:\Users\u\Desktop\frankenstein\wwdata.vromfs.bin_u\worldwar\maps\nordwind_wwmap_operation.blk"
"C:\Users\u\Desktop\frankenstein\wwdata.vromfs.bin_u\worldwar\maps\rhine_wwmap.blk"
"C:\Users\u\Desktop\frankenstein\wwdata.vromfs.bin_u\worldwar\maps\rhine_wwmap_initdata.blk"
"C:\Users\u\Desktop\frankenstein\wwdata.vromfs.bin_u\worldwar\maps\rhine_wwmap_operation.blk"
"C:\Users\u\Desktop\frankenstein\wwdata.vromfs.bin_u\worldwar\maps\stalingrad_wwmap.blk"
"C:\Users\u\Desktop\frankenstein\wwdata.vromfs.bin_u\worldwar\maps\stalingrad_wwmap_initdata.blk"
"C:\Users\u\Desktop\frankenstein\wwdata.vromfs.bin_u\worldwar\maps\stalingrad_wwmap_operation.blk"
"C:\Users\u\Desktop\frankenstein\wwdata.vromfs.bin_u\worldwar\maps\vitebsk_wwmap.blk"
"C:\Users\u\Desktop\frankenstein\wwdata.vromfs.bin_u\worldwar\maps\vitebsk_wwmap_initdata.blk"
"C:\Users\u\Desktop\frankenstein\wwdata.vromfs.bin_u\worldwar\maps\vitebsk_wwmap_operation.blk"
"---------------------------------------------------------------"
"C:\Users\u\Desktop\frankenstein\wwdata.vromfs.bin_u\worldwar\maps\1v1_test_wwmap.blkxx"
WWDATA_UNPACKED
